2018-12-10 15:05:53,271 | INFO  | Refreshing org.apache.activemq.xbean.XBeanBrokerFactory$1@7c87469e: startup date [Mon Dec 10 15:05:53 CET 2018]; root of context hierarchy | org.apache.activemq.xbean.XBeanBrokerFactory$1 | WrapperSimpleAppMain
2018-12-10 15:05:54,472 | INFO  | Using Persistence Adapter: KahaDBPersistenceAdapter[/Users/shaqianqian/Downloads/apache-activemq-5.15.8/bin/macosx/../../data/kahadb] | org.apache.activemq.broker.BrokerService | WrapperSimpleAppMain
2018-12-10 15:05:54,557 | INFO  | PListStore:[/Users/shaqianqian/Downloads/apache-activemq-5.15.8/bin/macosx/../../data/localhost/tmp_storage] started | org.apache.activemq.store.kahadb.plist.PListStoreImpl | WrapperSimpleAppMain
2018-12-10 15:05:54,759 | INFO  | Apache ActiveMQ 5.15.8 (localhost, ID:shaqianiandeMBP-62379-1544450754571-0:1) is starting | org.apache.activemq.broker.BrokerService | WrapperSimpleAppMain
2018-12-10 15:05:54,789 | INFO  | Listening for connections at: tcp://shaqianiandeMBP:61616?maximumConnections=1000&wireFormat.maxFrameSize=104857600 | org.apache.activemq.transport.TransportServerThreadSupport | WrapperSimpleAppMain
2018-12-10 15:05:54,791 | INFO  | Connector openwire started | org.apache.activemq.broker.TransportConnector | WrapperSimpleAppMain
2018-12-10 15:05:54,796 | INFO  | Listening for connections at: amqp://shaqianiandeMBP:5672?maximumConnections=1000&wireFormat.maxFrameSize=104857600 | org.apache.activemq.transport.TransportServerThreadSupport | WrapperSimpleAppMain
2018-12-10 15:05:54,798 | INFO  | Connector amqp started | org.apache.activemq.broker.TransportConnector | WrapperSimpleAppMain
2018-12-10 15:05:54,803 | INFO  | Listening for connections at: stomp://shaqianiandeMBP:61613?maximumConnections=1000&wireFormat.maxFrameSize=104857600 | org.apache.activemq.transport.TransportServerThreadSupport | WrapperSimpleAppMain
2018-12-10 15:05:54,805 | INFO  | Connector stomp started | org.apache.activemq.broker.TransportConnector | WrapperSimpleAppMain
2018-12-10 15:05:54,809 | INFO  | Listening for connections at: mqtt://shaqianiandeMBP:1883?maximumConnections=1000&wireFormat.maxFrameSize=104857600 | org.apache.activemq.transport.TransportServerThreadSupport | WrapperSimpleAppMain
2018-12-10 15:05:54,811 | INFO  | Connector mqtt started | org.apache.activemq.broker.TransportConnector | WrapperSimpleAppMain
2018-12-10 15:05:54,819 | INFO  | Starting Jetty server | org.apache.activemq.transport.WebTransportServerSupport | WrapperSimpleAppMain
2018-12-10 15:05:54,905 | INFO  | Creating Jetty connector | org.apache.activemq.transport.WebTransportServerSupport | WrapperSimpleAppMain
2018-12-10 15:05:54,998 | WARN  | ServletContext@o.e.j.s.ServletContextHandler@463810f0{/,null,STARTING} has uncovered http methods for path: / | org.eclipse.jetty.security.SecurityHandler | WrapperSimpleAppMain
2018-12-10 15:05:55,077 | INFO  | Listening for connections at ws://shaqianiandeMBP:61614?maximumConnections=1000&wireFormat.maxFrameSize=104857600 | org.apache.activemq.transport.ws.WSTransportServer | WrapperSimpleAppMain
2018-12-10 15:05:55,078 | INFO  | Connector ws started | org.apache.activemq.broker.TransportConnector | WrapperSimpleAppMain
2018-12-10 15:05:55,081 | INFO  | Apache ActiveMQ 5.15.8 (localhost, ID:shaqianiandeMBP-62379-1544450754571-0:1) started | org.apache.activemq.broker.BrokerService | WrapperSimpleAppMain
2018-12-10 15:05:55,082 | INFO  | For help or more information please see: http://activemq.apache.org | org.apache.activemq.broker.BrokerService | WrapperSimpleAppMain
2018-12-10 15:05:55,083 | WARN  | Store limit is 102400 mb (current store usage is 0 mb). The data directory: /Users/shaqianqian/Downloads/apache-activemq-5.15.8/bin/macosx/../../data/kahadb only has 39423 mb of usable space. - resetting to maximum available disk space: 39423 mb | org.apache.activemq.broker.BrokerService | WrapperSimpleAppMain
2018-12-10 15:05:55,084 | WARN  | Temporary Store limit is 51200 mb (current store usage is 0 mb). The data directory: /Users/shaqianqian/Downloads/apache-activemq-5.15.8/bin/macosx/../../data only has 39423 mb of usable space. - resetting to maximum available disk space: 39423 mb | org.apache.activemq.broker.BrokerService | WrapperSimpleAppMain
2018-12-10 15:05:55,753 | INFO  | No Spring WebApplicationInitializer types detected on classpath | /admin | WrapperSimpleAppMain
2018-12-10 15:05:56,497 | INFO  | ActiveMQ WebConsole available at http://0.0.0.0:8161/ | org.apache.activemq.web.WebConsoleStarter | WrapperSimpleAppMain
2018-12-10 15:05:56,498 | INFO  | ActiveMQ Jolokia REST API available at http://0.0.0.0:8161/api/jolokia/ | org.apache.activemq.web.WebConsoleStarter | WrapperSimpleAppMain
2018-12-10 15:05:56,628 | INFO  | Initializing Spring FrameworkServlet 'dispatcher' | /admin | WrapperSimpleAppMain
2018-12-10 15:05:57,264 | INFO  | No Spring WebApplicationInitializer types detected on classpath | /api | WrapperSimpleAppMain
2018-12-10 15:05:57,554 | INFO  | jolokia-agent: Using policy access restrictor classpath:/jolokia-access.xml | /api | WrapperSimpleAppMain
2018-12-10 15:11:42,209 | INFO  | Connector vm://localhost started | org.apache.activemq.broker.TransportConnector | qtp342285758-48
2018-12-10 15:21:23,578 | INFO  | Removing message shop.queue.createOrderInfo(ID:shaqianiandeMBP-63324-1544451580836-1:1:2:1:1) | org.apache.activemq.web.controller.DeleteMessage | qtp342285758-49
2018-12-10 15:21:25,646 | INFO  | Removing message shop.queue.createOrderInfo(ID:shaqianiandeMBP-62635-1544450975813-1:1:1:1:1) | org.apache.activemq.web.controller.DeleteMessage | qtp342285758-42
2018-12-10 15:21:27,849 | INFO  | Removing message shop.queue.createOrderInfo(ID:shaqianiandeMBP-62635-1544450975813-1:1:1:1:2) | org.apache.activemq.web.controller.DeleteMessage | qtp342285758-48
2018-12-10 15:21:29,983 | INFO  | Removing message shop.queue.createOrderInfo(ID:shaqianiandeMBP-62635-1544450975813-1:1:1:1:3) | org.apache.activemq.web.controller.DeleteMessage | qtp342285758-42
2018-12-10 15:26:53,124 | INFO  | Removing message shop.queue.createOrderInfo(ID:shaqianiandeMBP-63999-1544451976559-1:1:2:1:1) | org.apache.activemq.web.controller.DeleteMessage | qtp342285758-42
2018-12-10 15:26:55,730 | INFO  | Removing message shop.queue.createOrderInfo(ID:shaqianiandeMBP-63324-1544451580836-1:1:2:1:2) | org.apache.activemq.web.controller.DeleteMessage | qtp342285758-48
2018-12-10 15:58:42,633 | WARN  | Transport Connection to: tcp://127.0.0.1:50145 failed: java.io.EOFException | org.apache.activemq.broker.TransportConnection.Transport | ActiveMQ Transport: tcp:///127.0.0.1:50145@61616
2018-12-11 10:51:10,769 | INFO  | Apache ActiveMQ 5.15.8 (localhost, ID:shaqianiandeMBP-62379-1544450754571-0:1) is shutting down | org.apache.activemq.broker.BrokerService | ActiveMQ ShutdownHook
2018-12-11 10:51:10,785 | INFO  | Connector openwire stopped | org.apache.activemq.broker.TransportConnector | ActiveMQ ShutdownHook
2018-12-11 10:51:10,785 | INFO  | socketQueue interrupted - stopping | org.apache.activemq.transport.tcp.TcpTransportServer | ActiveMQ Transport Server Thread Handler: tcp://0.0.0.0:61616?maximumConnections=1000&wireFormat.maxFrameSize=104857600
2018-12-11 10:51:10,790 | INFO  | Connector amqp stopped | org.apache.activemq.broker.TransportConnector | ActiveMQ ShutdownHook
2018-12-11 10:51:10,790 | INFO  | socketQueue interrupted - stopping | org.apache.activemq.transport.tcp.TcpTransportServer | ActiveMQ Transport Server Thread Handler: amqp://0.0.0.0:5672?maximumConnections=1000&wireFormat.maxFrameSize=104857600
2018-12-11 10:51:10,794 | INFO  | socketQueue interrupted - stopping | org.apache.activemq.transport.tcp.TcpTransportServer | ActiveMQ Transport Server Thread Handler: stomp://0.0.0.0:61613?maximumConnections=1000&wireFormat.maxFrameSize=104857600
2018-12-11 10:51:10,794 | INFO  | Connector stomp stopped | org.apache.activemq.broker.TransportConnector | ActiveMQ ShutdownHook
2018-12-11 10:51:10,798 | INFO  | Connector mqtt stopped | org.apache.activemq.broker.TransportConnector | ActiveMQ ShutdownHook
2018-12-11 10:51:10,806 | INFO  | Could not accept connection during shutdown  : {} | org.apache.activemq.broker.TransportConnector | ActiveMQ Transport Server Thread Handler: tcp://0.0.0.0:61616?maximumConnections=1000&wireFormat.maxFrameSize=104857600
java.lang.InterruptedException
	at java.util.concurrent.locks.AbstractQueuedSynchronizer$ConditionObject.reportInterruptAfterWait(AbstractQueuedSynchronizer.java:2014)[:1.8.0_161]
	at java.util.concurrent.locks.AbstractQueuedSynchronizer$ConditionObject.awaitNanos(AbstractQueuedSynchronizer.java:2088)[:1.8.0_161]
	at java.util.concurrent.LinkedBlockingQueue.poll(LinkedBlockingQueue.java:467)[:1.8.0_161]
	at org.apache.activemq.transport.tcp.TcpTransportServer$1.run(TcpTransportServer.java:494)[activemq-client-5.15.8.jar:5.15.8]
	at java.lang.Thread.run(Thread.java:748)[:1.8.0_161]
2018-12-11 10:51:10,808 | INFO  | Could not accept connection during shutdown  : {} | org.apache.activemq.broker.TransportConnector | ActiveMQ Transport Server Thread Handler: amqp://0.0.0.0:5672?maximumConnections=1000&wireFormat.maxFrameSize=104857600
java.lang.InterruptedException
	at java.util.concurrent.locks.AbstractQueuedSynchronizer$ConditionObject.reportInterruptAfterWait(AbstractQueuedSynchronizer.java:2014)[:1.8.0_161]
	at java.util.concurrent.locks.AbstractQueuedSynchronizer$ConditionObject.awaitNanos(AbstractQueuedSynchronizer.java:2088)[:1.8.0_161]
	at java.util.concurrent.LinkedBlockingQueue.poll(LinkedBlockingQueue.java:467)[:1.8.0_161]
	at org.apache.activemq.transport.tcp.TcpTransportServer$1.run(TcpTransportServer.java:494)[activemq-client-5.15.8.jar:5.15.8]
	at java.lang.Thread.run(Thread.java:748)[:1.8.0_161]
2018-12-11 10:51:10,808 | INFO  | Could not accept connection during shutdown  : {} | org.apache.activemq.broker.TransportConnector | ActiveMQ Transport Server Thread Handler: stomp://0.0.0.0:61613?maximumConnections=1000&wireFormat.maxFrameSize=104857600
java.lang.InterruptedException
	at java.util.concurrent.locks.AbstractQueuedSynchronizer$ConditionObject.reportInterruptAfterWait(AbstractQueuedSynchronizer.java:2014)[:1.8.0_161]
	at java.util.concurrent.locks.AbstractQueuedSynchronizer$ConditionObject.awaitNanos(AbstractQueuedSynchronizer.java:2088)[:1.8.0_161]
	at java.util.concurrent.LinkedBlockingQueue.poll(LinkedBlockingQueue.java:467)[:1.8.0_161]
	at org.apache.activemq.transport.tcp.TcpTransportServer$1.run(TcpTransportServer.java:494)[activemq-client-5.15.8.jar:5.15.8]
	at java.lang.Thread.run(Thread.java:748)[:1.8.0_161]
2018-12-11 10:51:10,826 | INFO  | Connector ws stopped | org.apache.activemq.broker.TransportConnector | ActiveMQ ShutdownHook
2018-12-11 10:51:10,844 | INFO  | Connector vm://localhost stopped | org.apache.activemq.broker.TransportConnector | ActiveMQ ShutdownHook
2018-12-11 10:51:10,875 | INFO  | PListStore:[/Users/shaqianqian/Downloads/apache-activemq-5.15.8/bin/macosx/../../data/localhost/tmp_storage] stopped | org.apache.activemq.store.kahadb.plist.PListStoreImpl | ActiveMQ ShutdownHook
2018-12-11 10:51:10,878 | INFO  | Stopping async queue tasks | org.apache.activemq.store.kahadb.KahaDBStore | ActiveMQ ShutdownHook
2018-12-11 10:51:10,879 | INFO  | Stopping async topic tasks | org.apache.activemq.store.kahadb.KahaDBStore | ActiveMQ ShutdownHook
2018-12-11 10:51:10,880 | INFO  | Stopped KahaDB | org.apache.activemq.store.kahadb.KahaDBStore | ActiveMQ ShutdownHook
2018-12-11 10:51:10,899 | INFO  | Apache ActiveMQ 5.15.8 (localhost, ID:shaqianiandeMBP-62379-1544450754571-0:1) uptime 19 hours 45 minutes | org.apache.activemq.broker.BrokerService | ActiveMQ ShutdownHook
2018-12-11 10:51:10,901 | INFO  | Apache ActiveMQ 5.15.8 (localhost, ID:shaqianiandeMBP-62379-1544450754571-0:1) is shutdown | org.apache.activemq.broker.BrokerService | ActiveMQ ShutdownHook
2018-12-11 10:51:10,902 | INFO  | Closing org.apache.activemq.xbean.XBeanBrokerFactory$1@7c87469e: startup date [Mon Dec 10 15:05:53 CET 2018]; root of context hierarchy | org.apache.activemq.xbean.XBeanBrokerFactory$1 | ActiveMQ ShutdownHook
2018-12-11 10:51:10,932 | INFO  | Destroying Spring FrameworkServlet 'dispatcher' | /admin | ActiveMQ ShutdownHook
2018-12-11 11:12:07,049 | INFO  | Refreshing org.apache.activemq.xbean.XBeanBrokerFactory$1@69a4cd54: startup date [Tue Dec 11 11:12:07 CET 2018]; root of context hierarchy | org.apache.activemq.xbean.XBeanBrokerFactory$1 | WrapperSimpleAppMain
2018-12-11 11:12:08,293 | INFO  | Using Persistence Adapter: KahaDBPersistenceAdapter[/Users/shaqianqian/Downloads/apache-activemq-5.15.8/bin/macosx/../../data/kahadb] | org.apache.activemq.broker.BrokerService | WrapperSimpleAppMain
2018-12-11 11:12:08,372 | INFO  | KahaDB is version 6 | org.apache.activemq.store.kahadb.MessageDatabase | WrapperSimpleAppMain
2018-12-11 11:12:08,471 | INFO  | PListStore:[/Users/shaqianqian/Downloads/apache-activemq-5.15.8/bin/macosx/../../data/localhost/tmp_storage] started | org.apache.activemq.store.kahadb.plist.PListStoreImpl | WrapperSimpleAppMain
2018-12-11 11:12:08,630 | INFO  | Apache ActiveMQ 5.15.8 (localhost, ID:shaqianqiandeMacBook-Pro.local-50296-1544523128486-0:1) is starting | org.apache.activemq.broker.BrokerService | WrapperSimpleAppMain
2018-12-11 11:12:08,761 | INFO  | Listening for connections at: tcp://shaqianqiandeMacBook-Pro.local:61616?maximumConnections=1000&wireFormat.maxFrameSize=104857600 | org.apache.activemq.transport.TransportServerThreadSupport | WrapperSimpleAppMain
2018-12-11 11:12:08,763 | INFO  | Connector openwire started | org.apache.activemq.broker.TransportConnector | WrapperSimpleAppMain
2018-12-11 11:12:08,769 | INFO  | Listening for connections at: amqp://shaqianqiandeMacBook-Pro.local:5672?maximumConnections=1000&wireFormat.maxFrameSize=104857600 | org.apache.activemq.transport.TransportServerThreadSupport | WrapperSimpleAppMain
2018-12-11 11:12:08,771 | INFO  | Connector amqp started | org.apache.activemq.broker.TransportConnector | WrapperSimpleAppMain
2018-12-11 11:12:08,776 | INFO  | Listening for connections at: stomp://shaqianqiandeMacBook-Pro.local:61613?maximumConnections=1000&wireFormat.maxFrameSize=104857600 | org.apache.activemq.transport.TransportServerThreadSupport | WrapperSimpleAppMain
2018-12-11 11:12:08,778 | INFO  | Connector stomp started | org.apache.activemq.broker.TransportConnector | WrapperSimpleAppMain
2018-12-11 11:12:08,785 | INFO  | Listening for connections at: mqtt://shaqianqiandeMacBook-Pro.local:1883?maximumConnections=1000&wireFormat.maxFrameSize=104857600 | org.apache.activemq.transport.TransportServerThreadSupport | WrapperSimpleAppMain
2018-12-11 11:12:08,786 | INFO  | Connector mqtt started | org.apache.activemq.broker.TransportConnector | WrapperSimpleAppMain
2018-12-11 11:12:08,794 | INFO  | Starting Jetty server | org.apache.activemq.transport.WebTransportServerSupport | WrapperSimpleAppMain
2018-12-11 11:12:08,842 | INFO  | Creating Jetty connector | org.apache.activemq.transport.WebTransportServerSupport | WrapperSimpleAppMain
2018-12-11 11:12:08,919 | WARN  | ServletContext@o.e.j.s.ServletContextHandler@6f8c761c{/,null,STARTING} has uncovered http methods for path: / | org.eclipse.jetty.security.SecurityHandler | WrapperSimpleAppMain
2018-12-11 11:12:08,998 | INFO  | Listening for connections at ws://shaqianqiandeMacBook-Pro.local:61614?maximumConnections=1000&wireFormat.maxFrameSize=104857600 | org.apache.activemq.transport.ws.WSTransportServer | WrapperSimpleAppMain
2018-12-11 11:12:09,000 | INFO  | Connector ws started | org.apache.activemq.broker.TransportConnector | WrapperSimpleAppMain
2018-12-11 11:12:09,001 | INFO  | Apache ActiveMQ 5.15.8 (localhost, ID:shaqianqiandeMacBook-Pro.local-50296-1544523128486-0:1) started | org.apache.activemq.broker.BrokerService | WrapperSimpleAppMain
2018-12-11 11:12:09,002 | INFO  | For help or more information please see: http://activemq.apache.org | org.apache.activemq.broker.BrokerService | WrapperSimpleAppMain
2018-12-11 11:12:09,003 | WARN  | Store limit is 102400 mb (current store usage is 3 mb). The data directory: /Users/shaqianqian/Downloads/apache-activemq-5.15.8/bin/macosx/../../data/kahadb only has 36271 mb of usable space. - resetting to maximum available disk space: 36271 mb | org.apache.activemq.broker.BrokerService | WrapperSimpleAppMain
2018-12-11 11:12:09,005 | WARN  | Temporary Store limit is 51200 mb (current store usage is 0 mb). The data directory: /Users/shaqianqian/Downloads/apache-activemq-5.15.8/bin/macosx/../../data only has 36267 mb of usable space. - resetting to maximum available disk space: 36267 mb | org.apache.activemq.broker.BrokerService | WrapperSimpleAppMain
2018-12-11 11:12:09,667 | INFO  | No Spring WebApplicationInitializer types detected on classpath | /admin | WrapperSimpleAppMain
2018-12-11 11:12:10,204 | INFO  | ActiveMQ WebConsole available at http://0.0.0.0:8161/ | org.apache.activemq.web.WebConsoleStarter | WrapperSimpleAppMain
2018-12-11 11:12:10,205 | INFO  | ActiveMQ Jolokia REST API available at http://0.0.0.0:8161/api/jolokia/ | org.apache.activemq.web.WebConsoleStarter | WrapperSimpleAppMain
2018-12-11 11:12:10,262 | INFO  | Initializing Spring FrameworkServlet 'dispatcher' | /admin | WrapperSimpleAppMain
2018-12-11 11:12:10,426 | INFO  | No Spring WebApplicationInitializer types detected on classpath | /api | WrapperSimpleAppMain
2018-12-11 11:12:10,501 | INFO  | jolokia-agent: Using policy access restrictor classpath:/jolokia-access.xml | /api | WrapperSimpleAppMain
2018-12-11 17:10:08,445 | INFO  | Apache ActiveMQ 5.15.8 (localhost, ID:shaqianqiandeMacBook-Pro.local-50296-1544523128486-0:1) is shutting down | org.apache.activemq.broker.BrokerService | ActiveMQ ShutdownHook
2018-12-11 17:10:08,464 | INFO  | Connector openwire stopped | org.apache.activemq.broker.TransportConnector | ActiveMQ ShutdownHook
2018-12-11 17:10:08,467 | INFO  | Connector amqp stopped | org.apache.activemq.broker.TransportConnector | ActiveMQ ShutdownHook
2018-12-11 17:10:08,468 | INFO  | socketQueue interrupted - stopping | org.apache.activemq.transport.tcp.TcpTransportServer | ActiveMQ Transport Server Thread Handler: amqp://0.0.0.0:5672?maximumConnections=1000&wireFormat.maxFrameSize=104857600
2018-12-11 17:10:08,471 | INFO  | socketQueue interrupted - stopping | org.apache.activemq.transport.tcp.TcpTransportServer | ActiveMQ Transport Server Thread Handler: stomp://0.0.0.0:61613?maximumConnections=1000&wireFormat.maxFrameSize=104857600
2018-12-11 17:10:08,471 | INFO  | Connector stomp stopped | org.apache.activemq.broker.TransportConnector | ActiveMQ ShutdownHook
2018-12-11 17:10:08,482 | INFO  | Could not accept connection during shutdown  : {} | org.apache.activemq.broker.TransportConnector | ActiveMQ Transport Server Thread Handler: amqp://0.0.0.0:5672?maximumConnections=1000&wireFormat.maxFrameSize=104857600
java.lang.InterruptedException
	at java.util.concurrent.locks.AbstractQueuedSynchronizer$ConditionObject.reportInterruptAfterWait(AbstractQueuedSynchronizer.java:2014)[:1.8.0_161]
	at java.util.concurrent.locks.AbstractQueuedSynchronizer$ConditionObject.awaitNanos(AbstractQueuedSynchronizer.java:2088)[:1.8.0_161]
	at java.util.concurrent.LinkedBlockingQueue.poll(LinkedBlockingQueue.java:467)[:1.8.0_161]
	at org.apache.activemq.transport.tcp.TcpTransportServer$1.run(TcpTransportServer.java:494)[activemq-client-5.15.8.jar:5.15.8]
	at java.lang.Thread.run(Thread.java:748)[:1.8.0_161]
2018-12-11 17:10:08,482 | INFO  | Could not accept connection during shutdown  : {} | org.apache.activemq.broker.TransportConnector | ActiveMQ Transport Server Thread Handler: stomp://0.0.0.0:61613?maximumConnections=1000&wireFormat.maxFrameSize=104857600
java.lang.InterruptedException
	at java.util.concurrent.locks.AbstractQueuedSynchronizer$ConditionObject.reportInterruptAfterWait(AbstractQueuedSynchronizer.java:2014)[:1.8.0_161]
	at java.util.concurrent.locks.AbstractQueuedSynchronizer$ConditionObject.awaitNanos(AbstractQueuedSynchronizer.java:2088)[:1.8.0_161]
	at java.util.concurrent.LinkedBlockingQueue.poll(LinkedBlockingQueue.java:467)[:1.8.0_161]
	at org.apache.activemq.transport.tcp.TcpTransportServer$1.run(TcpTransportServer.java:494)[activemq-client-5.15.8.jar:5.15.8]
	at java.lang.Thread.run(Thread.java:748)[:1.8.0_161]
2018-12-11 17:10:08,482 | INFO  | Connector mqtt stopped | org.apache.activemq.broker.TransportConnector | ActiveMQ ShutdownHook
2018-12-11 17:10:08,523 | INFO  | Connector ws stopped | org.apache.activemq.broker.TransportConnector | ActiveMQ ShutdownHook
2018-12-11 17:10:08,540 | INFO  | PListStore:[/Users/shaqianqian/Downloads/apache-activemq-5.15.8/bin/macosx/../../data/localhost/tmp_storage] stopped | org.apache.activemq.store.kahadb.plist.PListStoreImpl | ActiveMQ ShutdownHook
2018-12-11 17:10:08,544 | INFO  | Stopping async queue tasks | org.apache.activemq.store.kahadb.KahaDBStore | ActiveMQ ShutdownHook
2018-12-11 17:10:08,545 | INFO  | Stopping async topic tasks | org.apache.activemq.store.kahadb.KahaDBStore | ActiveMQ ShutdownHook
2018-12-11 17:10:08,546 | INFO  | Stopped KahaDB | org.apache.activemq.store.kahadb.KahaDBStore | ActiveMQ ShutdownHook
2018-12-11 17:10:08,571 | INFO  | Apache ActiveMQ 5.15.8 (localhost, ID:shaqianqiandeMacBook-Pro.local-50296-1544523128486-0:1) uptime 5 hours 58 minutes | org.apache.activemq.broker.BrokerService | ActiveMQ ShutdownHook
2018-12-11 17:10:08,573 | INFO  | Apache ActiveMQ 5.15.8 (localhost, ID:shaqianqiandeMacBook-Pro.local-50296-1544523128486-0:1) is shutdown | org.apache.activemq.broker.BrokerService | ActiveMQ ShutdownHook
2018-12-11 17:10:08,575 | INFO  | Closing org.apache.activemq.xbean.XBeanBrokerFactory$1@69a4cd54: startup date [Tue Dec 11 11:12:07 CET 2018]; root of context hierarchy | org.apache.activemq.xbean.XBeanBrokerFactory$1 | ActiveMQ ShutdownHook
2018-12-11 17:10:08,615 | INFO  | Destroying Spring FrameworkServlet 'dispatcher' | /admin | ActiveMQ ShutdownHook
2018-12-11 17:14:01,693 | INFO  | Refreshing org.apache.activemq.xbean.XBeanBrokerFactory$1@5eb68a8d: startup date [Tue Dec 11 17:14:01 CET 2018]; root of context hierarchy | org.apache.activemq.xbean.XBeanBrokerFactory$1 | WrapperSimpleAppMain
2018-12-11 17:14:04,574 | INFO  | Using Persistence Adapter: KahaDBPersistenceAdapter[/Users/shaqianqian/Desktop/05-gui/apache-activemq-5.15.8/bin/macosx/../../data/kahadb] | org.apache.activemq.broker.BrokerService | WrapperSimpleAppMain
2018-12-11 17:14:04,897 | INFO  | KahaDB is version 6 | org.apache.activemq.store.kahadb.MessageDatabase | WrapperSimpleAppMain
2018-12-11 17:14:05,058 | INFO  | PListStore:[/Users/shaqianqian/Desktop/05-gui/apache-activemq-5.15.8/bin/macosx/../../data/localhost/tmp_storage] started | org.apache.activemq.store.kahadb.plist.PListStoreImpl | WrapperSimpleAppMain
2018-12-11 17:14:05,223 | INFO  | Apache ActiveMQ 5.15.8 (localhost, ID:shaqianiandeMBP.lan-49393-1544544845078-0:1) is starting | org.apache.activemq.broker.BrokerService | WrapperSimpleAppMain
2018-12-11 17:14:05,427 | INFO  | Listening for connections at: tcp://shaqianiandeMBP.lan:61616?maximumConnections=1000&wireFormat.maxFrameSize=104857600 | org.apache.activemq.transport.TransportServerThreadSupport | WrapperSimpleAppMain
2018-12-11 17:14:05,430 | INFO  | Connector openwire started | org.apache.activemq.broker.TransportConnector | WrapperSimpleAppMain
2018-12-11 17:14:05,442 | INFO  | Listening for connections at: amqp://shaqianiandeMBP.lan:5672?maximumConnections=1000&wireFormat.maxFrameSize=104857600 | org.apache.activemq.transport.TransportServerThreadSupport | WrapperSimpleAppMain
2018-12-11 17:14:05,444 | INFO  | Connector amqp started | org.apache.activemq.broker.TransportConnector | WrapperSimpleAppMain
2018-12-11 17:14:05,451 | INFO  | Listening for connections at: stomp://shaqianiandeMBP.lan:61613?maximumConnections=1000&wireFormat.maxFrameSize=104857600 | org.apache.activemq.transport.TransportServerThreadSupport | WrapperSimpleAppMain
2018-12-11 17:14:05,455 | INFO  | Connector stomp started | org.apache.activemq.broker.TransportConnector | WrapperSimpleAppMain
2018-12-11 17:14:05,460 | INFO  | Listening for connections at: mqtt://shaqianiandeMBP.lan:1883?maximumConnections=1000&wireFormat.maxFrameSize=104857600 | org.apache.activemq.transport.TransportServerThreadSupport | WrapperSimpleAppMain
2018-12-11 17:14:05,462 | INFO  | Connector mqtt started | org.apache.activemq.broker.TransportConnector | WrapperSimpleAppMain
2018-12-11 17:14:05,535 | INFO  | Starting Jetty server | org.apache.activemq.transport.WebTransportServerSupport | WrapperSimpleAppMain
2018-12-11 17:14:05,767 | INFO  | Creating Jetty connector | org.apache.activemq.transport.WebTransportServerSupport | WrapperSimpleAppMain
2018-12-11 17:14:06,030 | WARN  | ServletContext@o.e.j.s.ServletContextHandler@6a5e77a0{/,null,STARTING} has uncovered http methods for path: / | org.eclipse.jetty.security.SecurityHandler | WrapperSimpleAppMain
2018-12-11 17:14:06,276 | INFO  | Listening for connections at ws://shaqianiandeMBP.lan:61614?maximumConnections=1000&wireFormat.maxFrameSize=104857600 | org.apache.activemq.transport.ws.WSTransportServer | WrapperSimpleAppMain
2018-12-11 17:14:06,283 | INFO  | Connector ws started | org.apache.activemq.broker.TransportConnector | WrapperSimpleAppMain
2018-12-11 17:14:06,285 | INFO  | Apache ActiveMQ 5.15.8 (localhost, ID:shaqianiandeMBP.lan-49393-1544544845078-0:1) started | org.apache.activemq.broker.BrokerService | WrapperSimpleAppMain
2018-12-11 17:14:06,286 | INFO  | For help or more information please see: http://activemq.apache.org | org.apache.activemq.broker.BrokerService | WrapperSimpleAppMain
2018-12-11 17:14:06,288 | WARN  | Store limit is 102400 mb (current store usage is 5 mb). The data directory: /Users/shaqianqian/Desktop/05-gui/apache-activemq-5.15.8/bin/macosx/../../data/kahadb only has 36040 mb of usable space. - resetting to maximum available disk space: 36040 mb | org.apache.activemq.broker.BrokerService | WrapperSimpleAppMain
2018-12-11 17:14:06,289 | WARN  | Temporary Store limit is 51200 mb (current store usage is 0 mb). The data directory: /Users/shaqianqian/Desktop/05-gui/apache-activemq-5.15.8/bin/macosx/../../data only has 36035 mb of usable space. - resetting to maximum available disk space: 36035 mb | org.apache.activemq.broker.BrokerService | WrapperSimpleAppMain
2018-12-11 17:14:07,364 | INFO  | No Spring WebApplicationInitializer types detected on classpath | /admin | WrapperSimpleAppMain
2018-12-11 17:14:08,185 | INFO  | ActiveMQ WebConsole available at http://0.0.0.0:8161/ | org.apache.activemq.web.WebConsoleStarter | WrapperSimpleAppMain
2018-12-11 17:14:08,185 | INFO  | ActiveMQ Jolokia REST API available at http://0.0.0.0:8161/api/jolokia/ | org.apache.activemq.web.WebConsoleStarter | WrapperSimpleAppMain
2018-12-11 17:14:08,318 | INFO  | Initializing Spring FrameworkServlet 'dispatcher' | /admin | WrapperSimpleAppMain
2018-12-11 17:14:08,746 | INFO  | No Spring WebApplicationInitializer types detected on classpath | /api | WrapperSimpleAppMain
2018-12-11 17:14:08,812 | INFO  | jolokia-agent: Using policy access restrictor classpath:/jolokia-access.xml | /api | WrapperSimpleAppMain
2018-12-11 23:08:49,714 | INFO  | Refreshing org.apache.activemq.xbean.XBeanBrokerFactory$1@69a4cd54: startup date [Tue Dec 11 23:08:49 CET 2018]; root of context hierarchy | org.apache.activemq.xbean.XBeanBrokerFactory$1 | WrapperSimpleAppMain
2018-12-11 23:08:50,995 | INFO  | Using Persistence Adapter: KahaDBPersistenceAdapter[/Users/shaqianqian/Desktop/05-gui/apache-activemq-5.15.8/bin/macosx/../../data/kahadb] | org.apache.activemq.broker.BrokerService | WrapperSimpleAppMain
2018-12-11 23:08:51,096 | INFO  | Page File: ../../data/kahadb/db.data. Recovering pageFile free list due to prior unclean shutdown.. | org.apache.activemq.store.kahadb.disk.page.PageFile | KahaDB Index Free Page Recovery
2018-12-11 23:08:51,105 | INFO  | KahaDB is version 6 | org.apache.activemq.store.kahadb.MessageDatabase | WrapperSimpleAppMain
2018-12-11 23:08:51,110 | INFO  | Page File: ../../data/kahadb/db.data. Recovered pageFile free list of size: 0 | org.apache.activemq.store.kahadb.disk.page.PageFile | KahaDB Index Free Page Recovery
2018-12-11 23:08:51,219 | INFO  | PListStore:[/Users/shaqianqian/Desktop/05-gui/apache-activemq-5.15.8/bin/macosx/../../data/localhost/tmp_storage] started | org.apache.activemq.store.kahadb.plist.PListStoreImpl | WrapperSimpleAppMain
2018-12-11 23:08:51,398 | INFO  | Apache ActiveMQ 5.15.8 (localhost, ID:shaqianiandeMBP-58120-1544566131238-0:1) is starting | org.apache.activemq.broker.BrokerService | WrapperSimpleAppMain
2018-12-11 23:08:51,525 | INFO  | Listening for connections at: tcp://shaqianiandeMBP:61616?maximumConnections=1000&wireFormat.maxFrameSize=104857600 | org.apache.activemq.transport.TransportServerThreadSupport | WrapperSimpleAppMain
2018-12-11 23:08:51,527 | INFO  | Connector openwire started | org.apache.activemq.broker.TransportConnector | WrapperSimpleAppMain
2018-12-11 23:08:51,532 | INFO  | Listening for connections at: amqp://shaqianiandeMBP:5672?maximumConnections=1000&wireFormat.maxFrameSize=104857600 | org.apache.activemq.transport.TransportServerThreadSupport | WrapperSimpleAppMain
2018-12-11 23:08:51,533 | INFO  | Connector amqp started | org.apache.activemq.broker.TransportConnector | WrapperSimpleAppMain
2018-12-11 23:08:51,539 | INFO  | Listening for connections at: stomp://shaqianiandeMBP:61613?maximumConnections=1000&wireFormat.maxFrameSize=104857600 | org.apache.activemq.transport.TransportServerThreadSupport | WrapperSimpleAppMain
2018-12-11 23:08:51,540 | INFO  | Connector stomp started | org.apache.activemq.broker.TransportConnector | WrapperSimpleAppMain
2018-12-11 23:08:51,546 | INFO  | Listening for connections at: mqtt://shaqianiandeMBP:1883?maximumConnections=1000&wireFormat.maxFrameSize=104857600 | org.apache.activemq.transport.TransportServerThreadSupport | WrapperSimpleAppMain
2018-12-11 23:08:51,548 | INFO  | Connector mqtt started | org.apache.activemq.broker.TransportConnector | WrapperSimpleAppMain
2018-12-11 23:08:51,556 | INFO  | Starting Jetty server | org.apache.activemq.transport.WebTransportServerSupport | WrapperSimpleAppMain
2018-12-11 23:08:51,897 | INFO  | Creating Jetty connector | org.apache.activemq.transport.WebTransportServerSupport | WrapperSimpleAppMain
2018-12-11 23:08:51,980 | WARN  | ServletContext@o.e.j.s.ServletContextHandler@19e507a2{/,null,STARTING} has uncovered http methods for path: / | org.eclipse.jetty.security.SecurityHandler | WrapperSimpleAppMain
2018-12-11 23:08:52,061 | INFO  | Listening for connections at ws://shaqianiandeMBP:61614?maximumConnections=1000&wireFormat.maxFrameSize=104857600 | org.apache.activemq.transport.ws.WSTransportServer | WrapperSimpleAppMain
2018-12-11 23:08:52,061 | INFO  | Connector ws started | org.apache.activemq.broker.TransportConnector | WrapperSimpleAppMain
2018-12-11 23:08:52,062 | INFO  | Apache ActiveMQ 5.15.8 (localhost, ID:shaqianiandeMBP-58120-1544566131238-0:1) started | org.apache.activemq.broker.BrokerService | WrapperSimpleAppMain
2018-12-11 23:08:52,064 | INFO  | For help or more information please see: http://activemq.apache.org | org.apache.activemq.broker.BrokerService | WrapperSimpleAppMain
2018-12-11 23:08:52,065 | WARN  | Store limit is 102400 mb (current store usage is 5 mb). The data directory: /Users/shaqianqian/Desktop/05-gui/apache-activemq-5.15.8/bin/macosx/../../data/kahadb only has 33230 mb of usable space. - resetting to maximum available disk space: 33230 mb | org.apache.activemq.broker.BrokerService | WrapperSimpleAppMain
2018-12-11 23:08:52,066 | WARN  | Temporary Store limit is 51200 mb (current store usage is 0 mb). The data directory: /Users/shaqianqian/Desktop/05-gui/apache-activemq-5.15.8/bin/macosx/../../data only has 33224 mb of usable space. - resetting to maximum available disk space: 33224 mb | org.apache.activemq.broker.BrokerService | WrapperSimpleAppMain
2018-12-11 23:08:52,683 | INFO  | No Spring WebApplicationInitializer types detected on classpath | /admin | WrapperSimpleAppMain
2018-12-11 23:08:53,764 | INFO  | ActiveMQ WebConsole available at http://0.0.0.0:8161/ | org.apache.activemq.web.WebConsoleStarter | WrapperSimpleAppMain
2018-12-11 23:08:53,764 | INFO  | ActiveMQ Jolokia REST API available at http://0.0.0.0:8161/api/jolokia/ | org.apache.activemq.web.WebConsoleStarter | WrapperSimpleAppMain
2018-12-11 23:08:53,897 | INFO  | Initializing Spring FrameworkServlet 'dispatcher' | /admin | WrapperSimpleAppMain
2018-12-11 23:08:54,377 | INFO  | No Spring WebApplicationInitializer types detected on classpath | /api | WrapperSimpleAppMain
2018-12-11 23:08:54,510 | INFO  | jolokia-agent: Using policy access restrictor classpath:/jolokia-access.xml | /api | WrapperSimpleAppMain
2018-12-14 04:07:55,155 | INFO  | Apache ActiveMQ 5.15.8 (localhost, ID:shaqianiandeMBP-58120-1544566131238-0:1) is shutting down | org.apache.activemq.broker.BrokerService | ActiveMQ ShutdownHook
2018-12-14 04:07:55,212 | INFO  | Connector openwire stopped | org.apache.activemq.broker.TransportConnector | ActiveMQ ShutdownHook
2018-12-14 04:07:55,218 | INFO  | Connector amqp stopped | org.apache.activemq.broker.TransportConnector | ActiveMQ ShutdownHook
2018-12-14 04:07:55,221 | INFO  | Connector stomp stopped | org.apache.activemq.broker.TransportConnector | ActiveMQ ShutdownHook
2018-12-14 04:07:55,222 | INFO  | socketQueue interrupted - stopping | org.apache.activemq.transport.tcp.TcpTransportServer | ActiveMQ Transport Server Thread Handler: stomp://0.0.0.0:61613?maximumConnections=1000&wireFormat.maxFrameSize=104857600
2018-12-14 04:07:55,226 | INFO  | Connector mqtt stopped | org.apache.activemq.broker.TransportConnector | ActiveMQ ShutdownHook
2018-12-14 04:07:55,244 | INFO  | Could not accept connection during shutdown  : {} | org.apache.activemq.broker.TransportConnector | ActiveMQ Transport Server Thread Handler: stomp://0.0.0.0:61613?maximumConnections=1000&wireFormat.maxFrameSize=104857600
java.lang.InterruptedException
	at java.util.concurrent.locks.AbstractQueuedSynchronizer$ConditionObject.reportInterruptAfterWait(AbstractQueuedSynchronizer.java:2014)[:1.8.0_161]
	at java.util.concurrent.locks.AbstractQueuedSynchronizer$ConditionObject.awaitNanos(AbstractQueuedSynchronizer.java:2088)[:1.8.0_161]
	at java.util.concurrent.LinkedBlockingQueue.poll(LinkedBlockingQueue.java:467)[:1.8.0_161]
	at org.apache.activemq.transport.tcp.TcpTransportServer$1.run(TcpTransportServer.java:494)[activemq-client-5.15.8.jar:5.15.8]
	at java.lang.Thread.run(Thread.java:748)[:1.8.0_161]
2018-12-14 04:07:55,310 | INFO  | Connector ws stopped | org.apache.activemq.broker.TransportConnector | ActiveMQ ShutdownHook
2018-12-14 04:07:55,331 | INFO  | PListStore:[/Users/shaqianqian/Desktop/05-gui/apache-activemq-5.15.8/bin/macosx/../../data/localhost/tmp_storage] stopped | org.apache.activemq.store.kahadb.plist.PListStoreImpl | ActiveMQ ShutdownHook
2018-12-14 04:07:55,337 | INFO  | Stopping async queue tasks | org.apache.activemq.store.kahadb.KahaDBStore | ActiveMQ ShutdownHook
2018-12-14 04:07:55,341 | INFO  | Stopping async topic tasks | org.apache.activemq.store.kahadb.KahaDBStore | ActiveMQ ShutdownHook
2018-12-14 04:07:55,344 | INFO  | Stopped KahaDB | org.apache.activemq.store.kahadb.KahaDBStore | ActiveMQ ShutdownHook
2018-12-14 04:07:55,403 | INFO  | Apache ActiveMQ 5.15.8 (localhost, ID:shaqianiandeMBP-58120-1544566131238-0:1) uptime 2 days 4 hours | org.apache.activemq.broker.BrokerService | ActiveMQ ShutdownHook
2018-12-14 04:07:55,406 | INFO  | Apache ActiveMQ 5.15.8 (localhost, ID:shaqianiandeMBP-58120-1544566131238-0:1) is shutdown | org.apache.activemq.broker.BrokerService | ActiveMQ ShutdownHook
2018-12-14 04:07:55,411 | INFO  | Closing org.apache.activemq.xbean.XBeanBrokerFactory$1@69a4cd54: startup date [Tue Dec 11 23:08:49 CET 2018]; root of context hierarchy | org.apache.activemq.xbean.XBeanBrokerFactory$1 | ActiveMQ ShutdownHook
2018-12-14 04:07:55,469 | INFO  | Destroying Spring FrameworkServlet 'dispatcher' | /admin | ActiveMQ ShutdownHook
2018-12-14 04:13:19,937 | INFO  | Refreshing org.apache.activemq.xbean.XBeanBrokerFactory$1@69a4cd54: startup date [Fri Dec 14 04:13:19 CET 2018]; root of context hierarchy | org.apache.activemq.xbean.XBeanBrokerFactory$1 | WrapperSimpleAppMain
2018-12-14 04:13:22,602 | INFO  | Using Persistence Adapter: KahaDBPersistenceAdapter[/Users/shaqianqian/Desktop/05-gui/apache-activemq-5.15.8/bin/macosx/../../data/kahadb] | org.apache.activemq.broker.BrokerService | WrapperSimpleAppMain
2018-12-14 04:13:23,082 | INFO  | Page File: ../../data/kahadb/db.data. Recovering pageFile free list due to prior unclean shutdown.. | org.apache.activemq.store.kahadb.disk.page.PageFile | KahaDB Index Free Page Recovery
2018-12-14 04:13:23,094 | INFO  | KahaDB is version 6 | org.apache.activemq.store.kahadb.MessageDatabase | WrapperSimpleAppMain
2018-12-14 04:13:23,103 | INFO  | Page File: ../../data/kahadb/db.data. Recovered pageFile free list of size: 7 | org.apache.activemq.store.kahadb.disk.page.PageFile | KahaDB Index Free Page Recovery
2018-12-14 04:13:23,422 | INFO  | PListStore:[/Users/shaqianqian/Desktop/05-gui/apache-activemq-5.15.8/bin/macosx/../../data/localhost/tmp_storage] started | org.apache.activemq.store.kahadb.plist.PListStoreImpl | WrapperSimpleAppMain
2018-12-14 04:13:23,614 | INFO  | Apache ActiveMQ 5.15.8 (localhost, ID:shaqianqiandeMacBook-Pro.local-49816-1544757203478-0:1) is starting | org.apache.activemq.broker.BrokerService | WrapperSimpleAppMain
2018-12-14 04:13:23,757 | INFO  | Listening for connections at: tcp://shaqianqiandeMacBook-Pro.local:61616?maximumConnections=1000&wireFormat.maxFrameSize=104857600 | org.apache.activemq.transport.TransportServerThreadSupport | WrapperSimpleAppMain
2018-12-14 04:13:23,759 | INFO  | Connector openwire started | org.apache.activemq.broker.TransportConnector | WrapperSimpleAppMain
2018-12-14 04:13:23,805 | INFO  | Listening for connections at: amqp://shaqianqiandeMacBook-Pro.local:5672?maximumConnections=1000&wireFormat.maxFrameSize=104857600 | org.apache.activemq.transport.TransportServerThreadSupport | WrapperSimpleAppMain
2018-12-14 04:13:23,811 | INFO  | Connector amqp started | org.apache.activemq.broker.TransportConnector | WrapperSimpleAppMain
2018-12-14 04:13:23,825 | INFO  | Listening for connections at: stomp://shaqianqiandeMacBook-Pro.local:61613?maximumConnections=1000&wireFormat.maxFrameSize=104857600 | org.apache.activemq.transport.TransportServerThreadSupport | WrapperSimpleAppMain
2018-12-14 04:13:23,829 | INFO  | Connector stomp started | org.apache.activemq.broker.TransportConnector | WrapperSimpleAppMain
2018-12-14 04:13:23,835 | INFO  | Listening for connections at: mqtt://shaqianqiandeMacBook-Pro.local:1883?maximumConnections=1000&wireFormat.maxFrameSize=104857600 | org.apache.activemq.transport.TransportServerThreadSupport | WrapperSimpleAppMain
2018-12-14 04:13:23,837 | INFO  | Connector mqtt started | org.apache.activemq.broker.TransportConnector | WrapperSimpleAppMain
2018-12-14 04:13:23,846 | INFO  | Starting Jetty server | org.apache.activemq.transport.WebTransportServerSupport | WrapperSimpleAppMain
2018-12-14 04:13:27,806 | INFO  | Creating Jetty connector | org.apache.activemq.transport.WebTransportServerSupport | WrapperSimpleAppMain
2018-12-14 04:13:27,890 | WARN  | ServletContext@o.e.j.s.ServletContextHandler@758cc790{/,null,STARTING} has uncovered http methods for path: / | org.eclipse.jetty.security.SecurityHandler | WrapperSimpleAppMain
2018-12-14 04:13:28,133 | INFO  | Listening for connections at ws://shaqianqiandeMacBook-Pro.local:61614?maximumConnections=1000&wireFormat.maxFrameSize=104857600 | org.apache.activemq.transport.ws.WSTransportServer | WrapperSimpleAppMain
2018-12-14 04:13:28,133 | INFO  | Connector ws started | org.apache.activemq.broker.TransportConnector | WrapperSimpleAppMain
2018-12-14 04:13:28,135 | INFO  | Apache ActiveMQ 5.15.8 (localhost, ID:shaqianqiandeMacBook-Pro.local-49816-1544757203478-0:1) started | org.apache.activemq.broker.BrokerService | WrapperSimpleAppMain
2018-12-14 04:13:28,136 | INFO  | For help or more information please see: http://activemq.apache.org | org.apache.activemq.broker.BrokerService | WrapperSimpleAppMain
2018-12-14 04:13:28,137 | WARN  | Store limit is 102400 mb (current store usage is 12 mb). The data directory: /Users/shaqianqian/Desktop/05-gui/apache-activemq-5.15.8/bin/macosx/../../data/kahadb only has 44388 mb of usable space. - resetting to maximum available disk space: 44388 mb | org.apache.activemq.broker.BrokerService | WrapperSimpleAppMain
2018-12-14 04:13:28,139 | WARN  | Temporary Store limit is 51200 mb (current store usage is 0 mb). The data directory: /Users/shaqianqian/Desktop/05-gui/apache-activemq-5.15.8/bin/macosx/../../data only has 44375 mb of usable space. - resetting to maximum available disk space: 44375 mb | org.apache.activemq.broker.BrokerService | WrapperSimpleAppMain
2018-12-14 04:13:29,981 | INFO  | No Spring WebApplicationInitializer types detected on classpath | /admin | WrapperSimpleAppMain
2018-12-14 04:13:31,575 | INFO  | ActiveMQ WebConsole available at http://0.0.0.0:8161/ | org.apache.activemq.web.WebConsoleStarter | WrapperSimpleAppMain
2018-12-14 04:13:31,576 | INFO  | ActiveMQ Jolokia REST API available at http://0.0.0.0:8161/api/jolokia/ | org.apache.activemq.web.WebConsoleStarter | WrapperSimpleAppMain
2018-12-14 04:13:31,846 | INFO  | Initializing Spring FrameworkServlet 'dispatcher' | /admin | WrapperSimpleAppMain
2018-12-14 04:13:32,525 | INFO  | No Spring WebApplicationInitializer types detected on classpath | /api | WrapperSimpleAppMain
2018-12-14 04:13:32,748 | INFO  | jolokia-agent: Using policy access restrictor classpath:/jolokia-access.xml | /api | WrapperSimpleAppMain
