STATUS | wrapper  | 2018/12/10 15:05:51 | --> Wrapper Started as Daemon
STATUS | wrapper  | 2018/12/10 15:05:51 | Launching a JVM...
INFO   | jvm 1    | 2018/12/10 15:05:52 | Wrapper (Version 3.2.3) http://wrapper.tanukisoftware.org
INFO   | jvm 1    | 2018/12/10 15:05:52 |   Copyright 1999-2006 Tanuki Software, Inc.  All Rights Reserved.
INFO   | jvm 1    | 2018/12/10 15:05:52 | 
INFO   | jvm 1    | 2018/12/10 15:05:52 | 
INFO   | jvm 1    | 2018/12/10 15:05:52 | WARNING - Unable to load the Wrapper's native library because none of the
INFO   | jvm 1    | 2018/12/10 15:05:52 |           following files:
INFO   | jvm 1    | 2018/12/10 15:05:52 |             libwrapper-macosx-x86-64.dylib
INFO   | jvm 1    | 2018/12/10 15:05:52 |             libwrapper-macosx-universal-64.dylib
INFO   | jvm 1    | 2018/12/10 15:05:52 |             libwrapper.dylib
INFO   | jvm 1    | 2018/12/10 15:05:52 |           could be located on the following java.library.path:
INFO   | jvm 1    | 2018/12/10 15:05:52 |             /Users/shaqianqian/Downloads/apache-activemq-5.15.8/bin/macosx/../../bin/macosx
INFO   | jvm 1    | 2018/12/10 15:05:52 |           Please see the documentation for the wrapper.java.library.path
INFO   | jvm 1    | 2018/12/10 15:05:52 |           configuration property.
INFO   | jvm 1    | 2018/12/10 15:05:52 |           System signals will not be handled correctly.
INFO   | jvm 1    | 2018/12/10 15:05:52 | 
INFO   | jvm 1    | 2018/12/10 15:05:52 | Java Runtime: Oracle Corporation 1.8.0_161 /Library/Java/JavaVirtualMachines/jdk1.8.0_161.jdk/Contents/Home/jre
INFO   | jvm 1    | 2018/12/10 15:05:52 |   Heap sizes: current=125952k  free=115966k  max=932352k
INFO   | jvm 1    | 2018/12/10 15:05:52 |     JVM args: -Dactivemq.home=../.. -Dactivemq.base=../.. -Djavax.net.ssl.keyStorePassword=password -Djavax.net.ssl.trustStorePassword=password -Djavax.net.ssl.keyStore=../../conf/broker.ks -Djavax.net.ssl.trustStore=../../conf/broker.ts -Dcom.sun.management.jmxremote -Dorg.apache.activemq.UseDedicatedTaskRunner=true -Djava.util.logging.config.file=logging.properties -Dactivemq.conf=../../conf -Dactivemq.data=../../data -Djava.security.auth.login.config=../../conf/login.config -Xmx1024m -Djava.library.path=../../bin/macosx/ -Dwrapper.key=htLWNno2wgBq6biO -Dwrapper.port=32001 -Dwrapper.jvm.port.min=31000 -Dwrapper.jvm.port.max=31999 -Dwrapper.pid=27756 -Dwrapper.version=3.2.3 -Dwrapper.native_library=wrapper -Dwrapper.service=TRUE -Dwrapper.cpu.timeout=10 -Dwrapper.jvmid=1
INFO   | jvm 1    | 2018/12/10 15:05:52 | Extensions classpath:
INFO   | jvm 1    | 2018/12/10 15:05:52 |   [../../lib,../../lib/camel,../../lib/optional,../../lib/web,../../lib/extra]
INFO   | jvm 1    | 2018/12/10 15:05:52 | ACTIVEMQ_HOME: ../..
INFO   | jvm 1    | 2018/12/10 15:05:52 | ACTIVEMQ_BASE: ../..
INFO   | jvm 1    | 2018/12/10 15:05:52 | ACTIVEMQ_CONF: ../../conf
INFO   | jvm 1    | 2018/12/10 15:05:52 | ACTIVEMQ_DATA: ../../data
INFO   | jvm 1    | 2018/12/10 15:05:53 | Loading message broker from: xbean:activemq.xml
INFO   | jvm 1    | 2018/12/10 15:05:53 |  INFO | Refreshing org.apache.activemq.xbean.XBeanBrokerFactory$1@7c87469e: startup date [Mon Dec 10 15:05:53 CET 2018]; root of context hierarchy
INFO   | jvm 1    | 2018/12/10 15:05:54 |  INFO | Using Persistence Adapter: KahaDBPersistenceAdapter[/Users/shaqianqian/Downloads/apache-activemq-5.15.8/bin/macosx/../../data/kahadb]
INFO   | jvm 1    | 2018/12/10 15:05:54 |  INFO | PListStore:[/Users/shaqianqian/Downloads/apache-activemq-5.15.8/bin/macosx/../../data/localhost/tmp_storage] started
INFO   | jvm 1    | 2018/12/10 15:05:54 |  INFO | Apache ActiveMQ 5.15.8 (localhost, ID:shaqianiandeMBP-62379-1544450754571-0:1) is starting
INFO   | jvm 1    | 2018/12/10 15:05:54 |  INFO | Listening for connections at: tcp://shaqianiandeMBP:61616?maximumConnections=1000&wireFormat.maxFrameSize=104857600
INFO   | jvm 1    | 2018/12/10 15:05:54 |  INFO | Connector openwire started
INFO   | jvm 1    | 2018/12/10 15:05:54 |  INFO | Listening for connections at: amqp://shaqianiandeMBP:5672?maximumConnections=1000&wireFormat.maxFrameSize=104857600
INFO   | jvm 1    | 2018/12/10 15:05:54 |  INFO | Connector amqp started
INFO   | jvm 1    | 2018/12/10 15:05:54 |  INFO | Listening for connections at: stomp://shaqianiandeMBP:61613?maximumConnections=1000&wireFormat.maxFrameSize=104857600
INFO   | jvm 1    | 2018/12/10 15:05:54 |  INFO | Connector stomp started
INFO   | jvm 1    | 2018/12/10 15:05:54 |  INFO | Listening for connections at: mqtt://shaqianiandeMBP:1883?maximumConnections=1000&wireFormat.maxFrameSize=104857600
INFO   | jvm 1    | 2018/12/10 15:05:54 |  INFO | Connector mqtt started
INFO   | jvm 1    | 2018/12/10 15:05:54 |  INFO | Starting Jetty server
INFO   | jvm 1    | 2018/12/10 15:05:54 |  INFO | Creating Jetty connector
INFO   | jvm 1    | 2018/12/10 15:05:55 |  WARN | ServletContext@o.e.j.s.ServletContextHandler@463810f0{/,null,STARTING} has uncovered http methods for path: /
INFO   | jvm 1    | 2018/12/10 15:05:55 |  INFO | Listening for connections at ws://shaqianiandeMBP:61614?maximumConnections=1000&wireFormat.maxFrameSize=104857600
INFO   | jvm 1    | 2018/12/10 15:05:55 |  INFO | Connector ws started
INFO   | jvm 1    | 2018/12/10 15:05:55 |  INFO | Apache ActiveMQ 5.15.8 (localhost, ID:shaqianiandeMBP-62379-1544450754571-0:1) started
INFO   | jvm 1    | 2018/12/10 15:05:55 |  INFO | For help or more information please see: http://activemq.apache.org
INFO   | jvm 1    | 2018/12/10 15:05:55 |  WARN | Store limit is 102400 mb (current store usage is 0 mb). The data directory: /Users/shaqianqian/Downloads/apache-activemq-5.15.8/bin/macosx/../../data/kahadb only has 39423 mb of usable space. - resetting to maximum available disk space: 39423 mb
INFO   | jvm 1    | 2018/12/10 15:05:55 |  WARN | Temporary Store limit is 51200 mb (current store usage is 0 mb). The data directory: /Users/shaqianqian/Downloads/apache-activemq-5.15.8/bin/macosx/../../data only has 39423 mb of usable space. - resetting to maximum available disk space: 39423 mb
INFO   | jvm 1    | 2018/12/10 15:05:55 |  INFO | No Spring WebApplicationInitializer types detected on classpath
INFO   | jvm 1    | 2018/12/10 15:05:56 |  INFO | ActiveMQ WebConsole available at http://0.0.0.0:8161/
INFO   | jvm 1    | 2018/12/10 15:05:56 |  INFO | ActiveMQ Jolokia REST API available at http://0.0.0.0:8161/api/jolokia/
INFO   | jvm 1    | 2018/12/10 15:05:56 |  INFO | Initializing Spring FrameworkServlet 'dispatcher'
INFO   | jvm 1    | 2018/12/10 15:05:57 |  INFO | No Spring WebApplicationInitializer types detected on classpath
INFO   | jvm 1    | 2018/12/10 15:05:57 |  INFO | jolokia-agent: Using policy access restrictor classpath:/jolokia-access.xml
INFO   | jvm 1    | 2018/12/10 15:11:42 |  INFO | Connector vm://localhost started
INFO   | jvm 1    | 2018/12/10 15:21:23 |  INFO | Removing message shop.queue.createOrderInfo(ID:shaqianiandeMBP-63324-1544451580836-1:1:2:1:1)
INFO   | jvm 1    | 2018/12/10 15:21:25 |  INFO | Removing message shop.queue.createOrderInfo(ID:shaqianiandeMBP-62635-1544450975813-1:1:1:1:1)
INFO   | jvm 1    | 2018/12/10 15:21:27 |  INFO | Removing message shop.queue.createOrderInfo(ID:shaqianiandeMBP-62635-1544450975813-1:1:1:1:2)
INFO   | jvm 1    | 2018/12/10 15:21:30 |  INFO | Removing message shop.queue.createOrderInfo(ID:shaqianiandeMBP-62635-1544450975813-1:1:1:1:3)
INFO   | jvm 1    | 2018/12/10 15:26:53 |  INFO | Removing message shop.queue.createOrderInfo(ID:shaqianiandeMBP-63999-1544451976559-1:1:2:1:1)
INFO   | jvm 1    | 2018/12/10 15:26:55 |  INFO | Removing message shop.queue.createOrderInfo(ID:shaqianiandeMBP-63324-1544451580836-1:1:2:1:2)
INFO   | jvm 1    | 2018/12/10 15:58:42 |  WARN | Transport Connection to: tcp://127.0.0.1:50145 failed: java.io.EOFException
STATUS | wrapper  | 2018/12/11 10:51:10 | TERM trapped.  Shutting down.
INFO   | jvm 1    | 2018/12/11 10:51:10 | Wrapper Manager: Unable to unregister shutdown hook: java.lang.IllegalStateException: Shutdown in progress
INFO   | jvm 1    | 2018/12/11 10:51:10 |  INFO | Apache ActiveMQ 5.15.8 (localhost, ID:shaqianiandeMBP-62379-1544450754571-0:1) is shutting down
INFO   | jvm 1    | 2018/12/11 10:51:10 |  INFO | Connector openwire stopped
INFO   | jvm 1    | 2018/12/11 10:51:10 |  INFO | socketQueue interrupted - stopping
INFO   | jvm 1    | 2018/12/11 10:51:10 |  INFO | Connector amqp stopped
INFO   | jvm 1    | 2018/12/11 10:51:10 |  INFO | socketQueue interrupted - stopping
INFO   | jvm 1    | 2018/12/11 10:51:10 |  INFO | socketQueue interrupted - stopping
INFO   | jvm 1    | 2018/12/11 10:51:10 |  INFO | Connector stomp stopped
INFO   | jvm 1    | 2018/12/11 10:51:10 |  INFO | Connector mqtt stopped
INFO   | jvm 1    | 2018/12/11 10:51:10 |  INFO | Could not accept connection during shutdown  : {}
INFO   | jvm 1    | 2018/12/11 10:51:10 | java.lang.InterruptedException
INFO   | jvm 1    | 2018/12/11 10:51:10 | 	at java.util.concurrent.locks.AbstractQueuedSynchronizer$ConditionObject.reportInterruptAfterWait(AbstractQueuedSynchronizer.java:2014)[:1.8.0_161]
INFO   | jvm 1    | 2018/12/11 10:51:10 | 	at java.util.concurrent.locks.AbstractQueuedSynchronizer$ConditionObject.awaitNanos(AbstractQueuedSynchronizer.java:2088)[:1.8.0_161]
INFO   | jvm 1    | 2018/12/11 10:51:10 | 	at java.util.concurrent.LinkedBlockingQueue.poll(LinkedBlockingQueue.java:467)[:1.8.0_161]
INFO   | jvm 1    | 2018/12/11 10:51:10 | 	at org.apache.activemq.transport.tcp.TcpTransportServer$1.run(TcpTransportServer.java:494)[activemq-client-5.15.8.jar:5.15.8]
INFO   | jvm 1    | 2018/12/11 10:51:10 | 	at java.lang.Thread.run(Thread.java:748)[:1.8.0_161]
INFO   | jvm 1    | 2018/12/11 10:51:10 |  INFO | Could not accept connection during shutdown  : {}
INFO   | jvm 1    | 2018/12/11 10:51:10 | java.lang.InterruptedException
INFO   | jvm 1    | 2018/12/11 10:51:10 | 	at java.util.concurrent.locks.AbstractQueuedSynchronizer$ConditionObject.reportInterruptAfterWait(AbstractQueuedSynchronizer.java:2014)[:1.8.0_161]
INFO   | jvm 1    | 2018/12/11 10:51:10 | 	at java.util.concurrent.locks.AbstractQueuedSynchronizer$ConditionObject.awaitNanos(AbstractQueuedSynchronizer.java:2088)[:1.8.0_161]
INFO   | jvm 1    | 2018/12/11 10:51:10 | 	at java.util.concurrent.LinkedBlockingQueue.poll(LinkedBlockingQueue.java:467)[:1.8.0_161]
INFO   | jvm 1    | 2018/12/11 10:51:10 | 	at org.apache.activemq.transport.tcp.TcpTransportServer$1.run(TcpTransportServer.java:494)[activemq-client-5.15.8.jar:5.15.8]
INFO   | jvm 1    | 2018/12/11 10:51:10 | 	at java.lang.Thread.run(Thread.java:748)[:1.8.0_161]
INFO   | jvm 1    | 2018/12/11 10:51:10 |  INFO | Could not accept connection during shutdown  : {}
INFO   | jvm 1    | 2018/12/11 10:51:10 | java.lang.InterruptedException
INFO   | jvm 1    | 2018/12/11 10:51:10 | 	at java.util.concurrent.locks.AbstractQueuedSynchronizer$ConditionObject.reportInterruptAfterWait(AbstractQueuedSynchronizer.java:2014)[:1.8.0_161]
INFO   | jvm 1    | 2018/12/11 10:51:10 | 	at java.util.concurrent.locks.AbstractQueuedSynchronizer$ConditionObject.awaitNanos(AbstractQueuedSynchronizer.java:2088)[:1.8.0_161]
INFO   | jvm 1    | 2018/12/11 10:51:10 | 	at java.util.concurrent.LinkedBlockingQueue.poll(LinkedBlockingQueue.java:467)[:1.8.0_161]
INFO   | jvm 1    | 2018/12/11 10:51:10 | 	at org.apache.activemq.transport.tcp.TcpTransportServer$1.run(TcpTransportServer.java:494)[activemq-client-5.15.8.jar:5.15.8]
INFO   | jvm 1    | 2018/12/11 10:51:10 | 	at java.lang.Thread.run(Thread.java:748)[:1.8.0_161]
INFO   | jvm 1    | 2018/12/11 10:51:10 |  INFO | Connector ws stopped
INFO   | jvm 1    | 2018/12/11 10:51:10 |  INFO | Connector vm://localhost stopped
INFO   | jvm 1    | 2018/12/11 10:51:10 |  INFO | PListStore:[/Users/shaqianqian/Downloads/apache-activemq-5.15.8/bin/macosx/../../data/localhost/tmp_storage] stopped
INFO   | jvm 1    | 2018/12/11 10:51:10 |  INFO | Stopping async queue tasks
INFO   | jvm 1    | 2018/12/11 10:51:10 |  INFO | Stopping async topic tasks
INFO   | jvm 1    | 2018/12/11 10:51:10 |  INFO | Stopped KahaDB
INFO   | jvm 1    | 2018/12/11 10:51:10 |  INFO | Apache ActiveMQ 5.15.8 (localhost, ID:shaqianiandeMBP-62379-1544450754571-0:1) uptime 19 hours 45 minutes
INFO   | jvm 1    | 2018/12/11 10:51:10 |  INFO | Apache ActiveMQ 5.15.8 (localhost, ID:shaqianiandeMBP-62379-1544450754571-0:1) is shutdown
INFO   | jvm 1    | 2018/12/11 10:51:10 |  INFO | Closing org.apache.activemq.xbean.XBeanBrokerFactory$1@7c87469e: startup date [Mon Dec 10 15:05:53 CET 2018]; root of context hierarchy
INFO   | jvm 1    | 2018/12/11 10:51:10 |  INFO | Destroying Spring FrameworkServlet 'dispatcher'
STATUS | wrapper  | 2018/12/11 10:51:12 | <-- Wrapper Stopped
STATUS | wrapper  | 2018/12/11 11:12:05 | --> Wrapper Started as Daemon
STATUS | wrapper  | 2018/12/11 11:12:05 | Launching a JVM...
INFO   | jvm 1    | 2018/12/11 11:12:06 | Wrapper (Version 3.2.3) http://wrapper.tanukisoftware.org
INFO   | jvm 1    | 2018/12/11 11:12:06 |   Copyright 1999-2006 Tanuki Software, Inc.  All Rights Reserved.
INFO   | jvm 1    | 2018/12/11 11:12:06 | 
INFO   | jvm 1    | 2018/12/11 11:12:06 | 
INFO   | jvm 1    | 2018/12/11 11:12:06 | WARNING - Unable to load the Wrapper's native library because none of the
INFO   | jvm 1    | 2018/12/11 11:12:06 |           following files:
INFO   | jvm 1    | 2018/12/11 11:12:06 |             libwrapper-macosx-x86-64.dylib
INFO   | jvm 1    | 2018/12/11 11:12:06 |             libwrapper-macosx-universal-64.dylib
INFO   | jvm 1    | 2018/12/11 11:12:06 |             libwrapper.dylib
INFO   | jvm 1    | 2018/12/11 11:12:06 |           could be located on the following java.library.path:
INFO   | jvm 1    | 2018/12/11 11:12:06 |             /Users/shaqianqian/Downloads/apache-activemq-5.15.8/bin/macosx/../../bin/macosx
INFO   | jvm 1    | 2018/12/11 11:12:06 |           Please see the documentation for the wrapper.java.library.path
INFO   | jvm 1    | 2018/12/11 11:12:06 |           configuration property.
INFO   | jvm 1    | 2018/12/11 11:12:06 |           System signals will not be handled correctly.
INFO   | jvm 1    | 2018/12/11 11:12:06 | 
INFO   | jvm 1    | 2018/12/11 11:12:06 | Java Runtime: Oracle Corporation 1.8.0_161 /Library/Java/JavaVirtualMachines/jdk1.8.0_161.jdk/Contents/Home/jre
INFO   | jvm 1    | 2018/12/11 11:12:06 |   Heap sizes: current=125952k  free=115966k  max=932352k
INFO   | jvm 1    | 2018/12/11 11:12:06 |     JVM args: -Dactivemq.home=../.. -Dactivemq.base=../.. -Djavax.net.ssl.keyStorePassword=password -Djavax.net.ssl.trustStorePassword=password -Djavax.net.ssl.keyStore=../../conf/broker.ks -Djavax.net.ssl.trustStore=../../conf/broker.ts -Dcom.sun.management.jmxremote -Dorg.apache.activemq.UseDedicatedTaskRunner=true -Djava.util.logging.config.file=logging.properties -Dactivemq.conf=../../conf -Dactivemq.data=../../data -Djava.security.auth.login.config=../../conf/login.config -Xmx1024m -Djava.library.path=../../bin/macosx/ -Dwrapper.key=2D4AVSZs_dt9E9S7 -Dwrapper.port=32000 -Dwrapper.jvm.port.min=31000 -Dwrapper.jvm.port.max=31999 -Dwrapper.pid=1279 -Dwrapper.version=3.2.3 -Dwrapper.native_library=wrapper -Dwrapper.service=TRUE -Dwrapper.cpu.timeout=10 -Dwrapper.jvmid=1
INFO   | jvm 1    | 2018/12/11 11:12:06 | Extensions classpath:
INFO   | jvm 1    | 2018/12/11 11:12:06 |   [../../lib,../../lib/camel,../../lib/optional,../../lib/web,../../lib/extra]
INFO   | jvm 1    | 2018/12/11 11:12:06 | ACTIVEMQ_HOME: ../..
INFO   | jvm 1    | 2018/12/11 11:12:06 | ACTIVEMQ_BASE: ../..
INFO   | jvm 1    | 2018/12/11 11:12:06 | ACTIVEMQ_CONF: ../../conf
INFO   | jvm 1    | 2018/12/11 11:12:06 | ACTIVEMQ_DATA: ../../data
INFO   | jvm 1    | 2018/12/11 11:12:07 | Loading message broker from: xbean:activemq.xml
INFO   | jvm 1    | 2018/12/11 11:12:07 |  INFO | Refreshing org.apache.activemq.xbean.XBeanBrokerFactory$1@69a4cd54: startup date [Tue Dec 11 11:12:07 CET 2018]; root of context hierarchy
INFO   | jvm 1    | 2018/12/11 11:12:08 |  INFO | Using Persistence Adapter: KahaDBPersistenceAdapter[/Users/shaqianqian/Downloads/apache-activemq-5.15.8/bin/macosx/../../data/kahadb]
INFO   | jvm 1    | 2018/12/11 11:12:08 |  INFO | KahaDB is version 6
INFO   | jvm 1    | 2018/12/11 11:12:08 |  INFO | PListStore:[/Users/shaqianqian/Downloads/apache-activemq-5.15.8/bin/macosx/../../data/localhost/tmp_storage] started
INFO   | jvm 1    | 2018/12/11 11:12:08 |  INFO | Apache ActiveMQ 5.15.8 (localhost, ID:shaqianqiandeMacBook-Pro.local-50296-1544523128486-0:1) is starting
INFO   | jvm 1    | 2018/12/11 11:12:08 |  INFO | Listening for connections at: tcp://shaqianqiandeMacBook-Pro.local:61616?maximumConnections=1000&wireFormat.maxFrameSize=104857600
INFO   | jvm 1    | 2018/12/11 11:12:08 |  INFO | Connector openwire started
INFO   | jvm 1    | 2018/12/11 11:12:08 |  INFO | Listening for connections at: amqp://shaqianqiandeMacBook-Pro.local:5672?maximumConnections=1000&wireFormat.maxFrameSize=104857600
INFO   | jvm 1    | 2018/12/11 11:12:08 |  INFO | Connector amqp started
INFO   | jvm 1    | 2018/12/11 11:12:08 |  INFO | Listening for connections at: stomp://shaqianqiandeMacBook-Pro.local:61613?maximumConnections=1000&wireFormat.maxFrameSize=104857600
INFO   | jvm 1    | 2018/12/11 11:12:08 |  INFO | Connector stomp started
INFO   | jvm 1    | 2018/12/11 11:12:08 |  INFO | Listening for connections at: mqtt://shaqianqiandeMacBook-Pro.local:1883?maximumConnections=1000&wireFormat.maxFrameSize=104857600
INFO   | jvm 1    | 2018/12/11 11:12:08 |  INFO | Connector mqtt started
INFO   | jvm 1    | 2018/12/11 11:12:08 |  INFO | Starting Jetty server
INFO   | jvm 1    | 2018/12/11 11:12:08 |  INFO | Creating Jetty connector
INFO   | jvm 1    | 2018/12/11 11:12:08 |  WARN | ServletContext@o.e.j.s.ServletContextHandler@6f8c761c{/,null,STARTING} has uncovered http methods for path: /
INFO   | jvm 1    | 2018/12/11 11:12:09 |  INFO | Listening for connections at ws://shaqianqiandeMacBook-Pro.local:61614?maximumConnections=1000&wireFormat.maxFrameSize=104857600
INFO   | jvm 1    | 2018/12/11 11:12:09 |  INFO | Connector ws started
INFO   | jvm 1    | 2018/12/11 11:12:09 |  INFO | Apache ActiveMQ 5.15.8 (localhost, ID:shaqianqiandeMacBook-Pro.local-50296-1544523128486-0:1) started
INFO   | jvm 1    | 2018/12/11 11:12:09 |  INFO | For help or more information please see: http://activemq.apache.org
INFO   | jvm 1    | 2018/12/11 11:12:09 |  WARN | Store limit is 102400 mb (current store usage is 3 mb). The data directory: /Users/shaqianqian/Downloads/apache-activemq-5.15.8/bin/macosx/../../data/kahadb only has 36271 mb of usable space. - resetting to maximum available disk space: 36271 mb
INFO   | jvm 1    | 2018/12/11 11:12:09 |  WARN | Temporary Store limit is 51200 mb (current store usage is 0 mb). The data directory: /Users/shaqianqian/Downloads/apache-activemq-5.15.8/bin/macosx/../../data only has 36267 mb of usable space. - resetting to maximum available disk space: 36267 mb
INFO   | jvm 1    | 2018/12/11 11:12:09 |  INFO | No Spring WebApplicationInitializer types detected on classpath
INFO   | jvm 1    | 2018/12/11 11:12:10 |  INFO | ActiveMQ WebConsole available at http://0.0.0.0:8161/
INFO   | jvm 1    | 2018/12/11 11:12:10 |  INFO | ActiveMQ Jolokia REST API available at http://0.0.0.0:8161/api/jolokia/
INFO   | jvm 1    | 2018/12/11 11:12:10 |  INFO | Initializing Spring FrameworkServlet 'dispatcher'
INFO   | jvm 1    | 2018/12/11 11:12:10 |  INFO | No Spring WebApplicationInitializer types detected on classpath
INFO   | jvm 1    | 2018/12/11 11:12:10 |  INFO | jolokia-agent: Using policy access restrictor classpath:/jolokia-access.xml
STATUS | wrapper  | 2018/12/11 17:10:08 | TERM trapped.  Shutting down.
INFO   | jvm 1    | 2018/12/11 17:10:08 |  INFO | Apache ActiveMQ 5.15.8 (localhost, ID:shaqianqiandeMacBook-Pro.local-50296-1544523128486-0:1) is shutting down
INFO   | jvm 1    | 2018/12/11 17:10:08 |  INFO | Connector openwire stopped
INFO   | jvm 1    | 2018/12/11 17:10:08 |  INFO | Connector amqp stopped
INFO   | jvm 1    | 2018/12/11 17:10:08 |  INFO | socketQueue interrupted - stopping
INFO   | jvm 1    | 2018/12/11 17:10:08 |  INFO | socketQueue interrupted - stopping
INFO   | jvm 1    | 2018/12/11 17:10:08 |  INFO | Connector stomp stopped
INFO   | jvm 1    | 2018/12/11 17:10:08 |  INFO | Could not accept connection during shutdown  : {}
INFO   | jvm 1    | 2018/12/11 17:10:08 | java.lang.InterruptedException
INFO   | jvm 1    | 2018/12/11 17:10:08 | 	at java.util.concurrent.locks.AbstractQueuedSynchronizer$ConditionObject.reportInterruptAfterWait(AbstractQueuedSynchronizer.java:2014)[:1.8.0_161]
INFO   | jvm 1    | 2018/12/11 17:10:08 | 	at java.util.concurrent.locks.AbstractQueuedSynchronizer$ConditionObject.awaitNanos(AbstractQueuedSynchronizer.java:2088)[:1.8.0_161]
INFO   | jvm 1    | 2018/12/11 17:10:08 | 	at java.util.concurrent.LinkedBlockingQueue.poll(LinkedBlockingQueue.java:467)[:1.8.0_161]
INFO   | jvm 1    | 2018/12/11 17:10:08 | 	at org.apache.activemq.transport.tcp.TcpTransportServer$1.run(TcpTransportServer.java:494)[activemq-client-5.15.8.jar:5.15.8]
INFO   | jvm 1    | 2018/12/11 17:10:08 | 	at java.lang.Thread.run(Thread.java:748)[:1.8.0_161]
INFO   | jvm 1    | 2018/12/11 17:10:08 |  INFO | Could not accept connection during shutdown  : {}
INFO   | jvm 1    | 2018/12/11 17:10:08 | java.lang.InterruptedException
INFO   | jvm 1    | 2018/12/11 17:10:08 | 	at java.util.concurrent.locks.AbstractQueuedSynchronizer$ConditionObject.reportInterruptAfterWait(AbstractQueuedSynchronizer.java:2014)[:1.8.0_161]
INFO   | jvm 1    | 2018/12/11 17:10:08 | 	at java.util.concurrent.locks.AbstractQueuedSynchronizer$ConditionObject.awaitNanos(AbstractQueuedSynchronizer.java:2088)[:1.8.0_161]
INFO   | jvm 1    | 2018/12/11 17:10:08 | 	at java.util.concurrent.LinkedBlockingQueue.poll(LinkedBlockingQueue.java:467)[:1.8.0_161]
INFO   | jvm 1    | 2018/12/11 17:10:08 | 	at org.apache.activemq.transport.tcp.TcpTransportServer$1.run(TcpTransportServer.java:494)[activemq-client-5.15.8.jar:5.15.8]
INFO   | jvm 1    | 2018/12/11 17:10:08 | 	at java.lang.Thread.run(Thread.java:748)[:1.8.0_161]
INFO   | jvm 1    | 2018/12/11 17:10:08 |  INFO | Connector mqtt stopped
INFO   | jvm 1    | 2018/12/11 17:10:08 |  INFO | Connector ws stopped
INFO   | jvm 1    | 2018/12/11 17:10:08 |  INFO | PListStore:[/Users/shaqianqian/Downloads/apache-activemq-5.15.8/bin/macosx/../../data/localhost/tmp_storage] stopped
INFO   | jvm 1    | 2018/12/11 17:10:08 |  INFO | Stopping async queue tasks
INFO   | jvm 1    | 2018/12/11 17:10:08 |  INFO | Stopping async topic tasks
INFO   | jvm 1    | 2018/12/11 17:10:08 |  INFO | Stopped KahaDB
INFO   | jvm 1    | 2018/12/11 17:10:08 |  INFO | Apache ActiveMQ 5.15.8 (localhost, ID:shaqianqiandeMacBook-Pro.local-50296-1544523128486-0:1) uptime 5 hours 58 minutes
INFO   | jvm 1    | 2018/12/11 17:10:08 |  INFO | Apache ActiveMQ 5.15.8 (localhost, ID:shaqianqiandeMacBook-Pro.local-50296-1544523128486-0:1) is shutdown
INFO   | jvm 1    | 2018/12/11 17:10:08 |  INFO | Closing org.apache.activemq.xbean.XBeanBrokerFactory$1@69a4cd54: startup date [Tue Dec 11 11:12:07 CET 2018]; root of context hierarchy
INFO   | jvm 1    | 2018/12/11 17:10:08 |  INFO | Destroying Spring FrameworkServlet 'dispatcher'
STATUS | wrapper  | 2018/12/11 17:10:09 | <-- Wrapper Stopped
STATUS | wrapper  | 2018/12/11 17:13:59 | --> Wrapper Started as Daemon
STATUS | wrapper  | 2018/12/11 17:13:59 | Launching a JVM...
INFO   | jvm 1    | 2018/12/11 17:14:01 | Wrapper (Version 3.2.3) http://wrapper.tanukisoftware.org
INFO   | jvm 1    | 2018/12/11 17:14:01 |   Copyright 1999-2006 Tanuki Software, Inc.  All Rights Reserved.
INFO   | jvm 1    | 2018/12/11 17:14:01 | 
INFO   | jvm 1    | 2018/12/11 17:14:01 | 
INFO   | jvm 1    | 2018/12/11 17:14:01 | WARNING - Unable to load the Wrapper's native library because none of the
INFO   | jvm 1    | 2018/12/11 17:14:01 |           following files:
INFO   | jvm 1    | 2018/12/11 17:14:01 |             libwrapper-macosx-x86-64.dylib
INFO   | jvm 1    | 2018/12/11 17:14:01 |             libwrapper-macosx-universal-64.dylib
INFO   | jvm 1    | 2018/12/11 17:14:01 |             libwrapper.dylib
INFO   | jvm 1    | 2018/12/11 17:14:01 |           could be located on the following java.library.path:
INFO   | jvm 1    | 2018/12/11 17:14:01 |             /Users/shaqianqian/Desktop/05-gui/apache-activemq-5.15.8/bin/macosx/../../bin/macosx
INFO   | jvm 1    | 2018/12/11 17:14:01 |           Please see the documentation for the wrapper.java.library.path
INFO   | jvm 1    | 2018/12/11 17:14:01 |           configuration property.
INFO   | jvm 1    | 2018/12/11 17:14:01 |           System signals will not be handled correctly.
INFO   | jvm 1    | 2018/12/11 17:14:01 | 
INFO   | jvm 1    | 2018/12/11 17:14:01 | Java Runtime: Oracle Corporation 1.8.0_161 /Library/Java/JavaVirtualMachines/jdk1.8.0_161.jdk/Contents/Home/jre
INFO   | jvm 1    | 2018/12/11 17:14:01 |   Heap sizes: current=125952k  free=115967k  max=932352k
INFO   | jvm 1    | 2018/12/11 17:14:01 |     JVM args: -Dactivemq.home=../.. -Dactivemq.base=../.. -Djavax.net.ssl.keyStorePassword=password -Djavax.net.ssl.trustStorePassword=password -Djavax.net.ssl.keyStore=../../conf/broker.ks -Djavax.net.ssl.trustStore=../../conf/broker.ts -Dcom.sun.management.jmxremote -Dorg.apache.activemq.UseDedicatedTaskRunner=true -Djava.util.logging.config.file=logging.properties -Dactivemq.conf=../../conf -Dactivemq.data=../../data -Djava.security.auth.login.config=../../conf/login.config -Xmx1024m -Djava.library.path=../../bin/macosx/ -Dwrapper.key=nNz_cr1XGXolFOzv -Dwrapper.port=32000 -Dwrapper.jvm.port.min=31000 -Dwrapper.jvm.port.max=31999 -Dwrapper.pid=774 -Dwrapper.version=3.2.3 -Dwrapper.native_library=wrapper -Dwrapper.service=TRUE -Dwrapper.cpu.timeout=10 -Dwrapper.jvmid=1
INFO   | jvm 1    | 2018/12/11 17:14:01 | Extensions classpath:
INFO   | jvm 1    | 2018/12/11 17:14:01 |   [../../lib,../../lib/camel,../../lib/optional,../../lib/web,../../lib/extra]
INFO   | jvm 1    | 2018/12/11 17:14:01 | ACTIVEMQ_HOME: ../..
INFO   | jvm 1    | 2018/12/11 17:14:01 | ACTIVEMQ_BASE: ../..
INFO   | jvm 1    | 2018/12/11 17:14:01 | ACTIVEMQ_CONF: ../../conf
INFO   | jvm 1    | 2018/12/11 17:14:01 | ACTIVEMQ_DATA: ../../data
INFO   | jvm 1    | 2018/12/11 17:14:01 | Loading message broker from: xbean:activemq.xml
INFO   | jvm 1    | 2018/12/11 17:14:01 |  INFO | Refreshing org.apache.activemq.xbean.XBeanBrokerFactory$1@5eb68a8d: startup date [Tue Dec 11 17:14:01 CET 2018]; root of context hierarchy
INFO   | jvm 1    | 2018/12/11 17:14:04 |  INFO | Using Persistence Adapter: KahaDBPersistenceAdapter[/Users/shaqianqian/Desktop/05-gui/apache-activemq-5.15.8/bin/macosx/../../data/kahadb]
INFO   | jvm 1    | 2018/12/11 17:14:04 |  INFO | KahaDB is version 6
INFO   | jvm 1    | 2018/12/11 17:14:05 |  INFO | PListStore:[/Users/shaqianqian/Desktop/05-gui/apache-activemq-5.15.8/bin/macosx/../../data/localhost/tmp_storage] started
INFO   | jvm 1    | 2018/12/11 17:14:05 |  INFO | Apache ActiveMQ 5.15.8 (localhost, ID:shaqianiandeMBP.lan-49393-1544544845078-0:1) is starting
INFO   | jvm 1    | 2018/12/11 17:14:05 |  INFO | Listening for connections at: tcp://shaqianiandeMBP.lan:61616?maximumConnections=1000&wireFormat.maxFrameSize=104857600
INFO   | jvm 1    | 2018/12/11 17:14:05 |  INFO | Connector openwire started
INFO   | jvm 1    | 2018/12/11 17:14:05 |  INFO | Listening for connections at: amqp://shaqianiandeMBP.lan:5672?maximumConnections=1000&wireFormat.maxFrameSize=104857600
INFO   | jvm 1    | 2018/12/11 17:14:05 |  INFO | Connector amqp started
INFO   | jvm 1    | 2018/12/11 17:14:05 |  INFO | Listening for connections at: stomp://shaqianiandeMBP.lan:61613?maximumConnections=1000&wireFormat.maxFrameSize=104857600
INFO   | jvm 1    | 2018/12/11 17:14:05 |  INFO | Connector stomp started
INFO   | jvm 1    | 2018/12/11 17:14:05 |  INFO | Listening for connections at: mqtt://shaqianiandeMBP.lan:1883?maximumConnections=1000&wireFormat.maxFrameSize=104857600
INFO   | jvm 1    | 2018/12/11 17:14:05 |  INFO | Connector mqtt started
INFO   | jvm 1    | 2018/12/11 17:14:05 |  INFO | Starting Jetty server
INFO   | jvm 1    | 2018/12/11 17:14:05 |  INFO | Creating Jetty connector
INFO   | jvm 1    | 2018/12/11 17:14:06 |  WARN | ServletContext@o.e.j.s.ServletContextHandler@6a5e77a0{/,null,STARTING} has uncovered http methods for path: /
INFO   | jvm 1    | 2018/12/11 17:14:06 |  INFO | Listening for connections at ws://shaqianiandeMBP.lan:61614?maximumConnections=1000&wireFormat.maxFrameSize=104857600
INFO   | jvm 1    | 2018/12/11 17:14:06 |  INFO | Connector ws started
INFO   | jvm 1    | 2018/12/11 17:14:06 |  INFO | Apache ActiveMQ 5.15.8 (localhost, ID:shaqianiandeMBP.lan-49393-1544544845078-0:1) started
INFO   | jvm 1    | 2018/12/11 17:14:06 |  INFO | For help or more information please see: http://activemq.apache.org
INFO   | jvm 1    | 2018/12/11 17:14:06 |  WARN | Store limit is 102400 mb (current store usage is 5 mb). The data directory: /Users/shaqianqian/Desktop/05-gui/apache-activemq-5.15.8/bin/macosx/../../data/kahadb only has 36040 mb of usable space. - resetting to maximum available disk space: 36040 mb
INFO   | jvm 1    | 2018/12/11 17:14:06 |  WARN | Temporary Store limit is 51200 mb (current store usage is 0 mb). The data directory: /Users/shaqianqian/Desktop/05-gui/apache-activemq-5.15.8/bin/macosx/../../data only has 36035 mb of usable space. - resetting to maximum available disk space: 36035 mb
INFO   | jvm 1    | 2018/12/11 17:14:07 |  INFO | No Spring WebApplicationInitializer types detected on classpath
INFO   | jvm 1    | 2018/12/11 17:14:08 |  INFO | ActiveMQ WebConsole available at http://0.0.0.0:8161/
INFO   | jvm 1    | 2018/12/11 17:14:08 |  INFO | ActiveMQ Jolokia REST API available at http://0.0.0.0:8161/api/jolokia/
INFO   | jvm 1    | 2018/12/11 17:14:08 |  INFO | Initializing Spring FrameworkServlet 'dispatcher'
INFO   | jvm 1    | 2018/12/11 17:14:08 |  INFO | No Spring WebApplicationInitializer types detected on classpath
INFO   | jvm 1    | 2018/12/11 17:14:08 |  INFO | jolokia-agent: Using policy access restrictor classpath:/jolokia-access.xml
STATUS | wrapper  | 2018/12/11 23:08:48 | --> Wrapper Started as Daemon
STATUS | wrapper  | 2018/12/11 23:08:48 | Launching a JVM...
INFO   | jvm 1    | 2018/12/11 23:08:49 | Wrapper (Version 3.2.3) http://wrapper.tanukisoftware.org
INFO   | jvm 1    | 2018/12/11 23:08:49 |   Copyright 1999-2006 Tanuki Software, Inc.  All Rights Reserved.
INFO   | jvm 1    | 2018/12/11 23:08:49 | 
INFO   | jvm 1    | 2018/12/11 23:08:49 | 
INFO   | jvm 1    | 2018/12/11 23:08:49 | WARNING - Unable to load the Wrapper's native library because none of the
INFO   | jvm 1    | 2018/12/11 23:08:49 |           following files:
INFO   | jvm 1    | 2018/12/11 23:08:49 |             libwrapper-macosx-x86-64.dylib
INFO   | jvm 1    | 2018/12/11 23:08:49 |             libwrapper-macosx-universal-64.dylib
INFO   | jvm 1    | 2018/12/11 23:08:49 |             libwrapper.dylib
INFO   | jvm 1    | 2018/12/11 23:08:49 |           could be located on the following java.library.path:
INFO   | jvm 1    | 2018/12/11 23:08:49 |             /Users/shaqianqian/Desktop/05-gui/apache-activemq-5.15.8/bin/macosx/../../bin/macosx
INFO   | jvm 1    | 2018/12/11 23:08:49 |           Please see the documentation for the wrapper.java.library.path
INFO   | jvm 1    | 2018/12/11 23:08:49 |           configuration property.
INFO   | jvm 1    | 2018/12/11 23:08:49 |           System signals will not be handled correctly.
INFO   | jvm 1    | 2018/12/11 23:08:49 | 
INFO   | jvm 1    | 2018/12/11 23:08:49 | Java Runtime: Oracle Corporation 1.8.0_161 /Library/Java/JavaVirtualMachines/jdk1.8.0_161.jdk/Contents/Home/jre
INFO   | jvm 1    | 2018/12/11 23:08:49 |   Heap sizes: current=125952k  free=115967k  max=932352k
INFO   | jvm 1    | 2018/12/11 23:08:49 |     JVM args: -Dactivemq.home=../.. -Dactivemq.base=../.. -Djavax.net.ssl.keyStorePassword=password -Djavax.net.ssl.trustStorePassword=password -Djavax.net.ssl.keyStore=../../conf/broker.ks -Djavax.net.ssl.trustStore=../../conf/broker.ts -Dcom.sun.management.jmxremote -Dorg.apache.activemq.UseDedicatedTaskRunner=true -Djava.util.logging.config.file=logging.properties -Dactivemq.conf=../../conf -Dactivemq.data=../../data -Djava.security.auth.login.config=../../conf/login.config -Xmx1024m -Djava.library.path=../../bin/macosx/ -Dwrapper.key=tG6_39K0JJeDSsoW -Dwrapper.port=32000 -Dwrapper.jvm.port.min=31000 -Dwrapper.jvm.port.max=31999 -Dwrapper.pid=1575 -Dwrapper.version=3.2.3 -Dwrapper.native_library=wrapper -Dwrapper.service=TRUE -Dwrapper.cpu.timeout=10 -Dwrapper.jvmid=1
INFO   | jvm 1    | 2018/12/11 23:08:49 | Extensions classpath:
INFO   | jvm 1    | 2018/12/11 23:08:49 |   [../../lib,../../lib/camel,../../lib/optional,../../lib/web,../../lib/extra]
INFO   | jvm 1    | 2018/12/11 23:08:49 | ACTIVEMQ_HOME: ../..
INFO   | jvm 1    | 2018/12/11 23:08:49 | ACTIVEMQ_BASE: ../..
INFO   | jvm 1    | 2018/12/11 23:08:49 | ACTIVEMQ_CONF: ../../conf
INFO   | jvm 1    | 2018/12/11 23:08:49 | ACTIVEMQ_DATA: ../../data
INFO   | jvm 1    | 2018/12/11 23:08:49 | Loading message broker from: xbean:activemq.xml
INFO   | jvm 1    | 2018/12/11 23:08:49 |  INFO | Refreshing org.apache.activemq.xbean.XBeanBrokerFactory$1@69a4cd54: startup date [Tue Dec 11 23:08:49 CET 2018]; root of context hierarchy
INFO   | jvm 1    | 2018/12/11 23:08:51 |  INFO | Using Persistence Adapter: KahaDBPersistenceAdapter[/Users/shaqianqian/Desktop/05-gui/apache-activemq-5.15.8/bin/macosx/../../data/kahadb]
INFO   | jvm 1    | 2018/12/11 23:08:51 |  INFO | Page File: ../../data/kahadb/db.data. Recovering pageFile free list due to prior unclean shutdown..
INFO   | jvm 1    | 2018/12/11 23:08:51 |  INFO | KahaDB is version 6
INFO   | jvm 1    | 2018/12/11 23:08:51 |  INFO | Page File: ../../data/kahadb/db.data. Recovered pageFile free list of size: 0
INFO   | jvm 1    | 2018/12/11 23:08:51 |  INFO | PListStore:[/Users/shaqianqian/Desktop/05-gui/apache-activemq-5.15.8/bin/macosx/../../data/localhost/tmp_storage] started
INFO   | jvm 1    | 2018/12/11 23:08:51 |  INFO | Apache ActiveMQ 5.15.8 (localhost, ID:shaqianiandeMBP-58120-1544566131238-0:1) is starting
INFO   | jvm 1    | 2018/12/11 23:08:51 |  INFO | Listening for connections at: tcp://shaqianiandeMBP:61616?maximumConnections=1000&wireFormat.maxFrameSize=104857600
INFO   | jvm 1    | 2018/12/11 23:08:51 |  INFO | Connector openwire started
INFO   | jvm 1    | 2018/12/11 23:08:51 |  INFO | Listening for connections at: amqp://shaqianiandeMBP:5672?maximumConnections=1000&wireFormat.maxFrameSize=104857600
INFO   | jvm 1    | 2018/12/11 23:08:51 |  INFO | Connector amqp started
INFO   | jvm 1    | 2018/12/11 23:08:51 |  INFO | Listening for connections at: stomp://shaqianiandeMBP:61613?maximumConnections=1000&wireFormat.maxFrameSize=104857600
INFO   | jvm 1    | 2018/12/11 23:08:51 |  INFO | Connector stomp started
INFO   | jvm 1    | 2018/12/11 23:08:51 |  INFO | Listening for connections at: mqtt://shaqianiandeMBP:1883?maximumConnections=1000&wireFormat.maxFrameSize=104857600
INFO   | jvm 1    | 2018/12/11 23:08:51 |  INFO | Connector mqtt started
INFO   | jvm 1    | 2018/12/11 23:08:51 |  INFO | Starting Jetty server
INFO   | jvm 1    | 2018/12/11 23:08:51 |  INFO | Creating Jetty connector
INFO   | jvm 1    | 2018/12/11 23:08:52 |  WARN | ServletContext@o.e.j.s.ServletContextHandler@19e507a2{/,null,STARTING} has uncovered http methods for path: /
INFO   | jvm 1    | 2018/12/11 23:08:52 |  INFO | Listening for connections at ws://shaqianiandeMBP:61614?maximumConnections=1000&wireFormat.maxFrameSize=104857600
INFO   | jvm 1    | 2018/12/11 23:08:52 |  INFO | Connector ws started
INFO   | jvm 1    | 2018/12/11 23:08:52 |  INFO | Apache ActiveMQ 5.15.8 (localhost, ID:shaqianiandeMBP-58120-1544566131238-0:1) started
INFO   | jvm 1    | 2018/12/11 23:08:52 |  INFO | For help or more information please see: http://activemq.apache.org
INFO   | jvm 1    | 2018/12/11 23:08:52 |  WARN | Store limit is 102400 mb (current store usage is 5 mb). The data directory: /Users/shaqianqian/Desktop/05-gui/apache-activemq-5.15.8/bin/macosx/../../data/kahadb only has 33230 mb of usable space. - resetting to maximum available disk space: 33230 mb
INFO   | jvm 1    | 2018/12/11 23:08:52 |  WARN | Temporary Store limit is 51200 mb (current store usage is 0 mb). The data directory: /Users/shaqianqian/Desktop/05-gui/apache-activemq-5.15.8/bin/macosx/../../data only has 33224 mb of usable space. - resetting to maximum available disk space: 33224 mb
INFO   | jvm 1    | 2018/12/11 23:08:52 |  INFO | No Spring WebApplicationInitializer types detected on classpath
INFO   | jvm 1    | 2018/12/11 23:08:53 |  INFO | ActiveMQ WebConsole available at http://0.0.0.0:8161/
INFO   | jvm 1    | 2018/12/11 23:08:53 |  INFO | ActiveMQ Jolokia REST API available at http://0.0.0.0:8161/api/jolokia/
INFO   | jvm 1    | 2018/12/11 23:08:53 |  INFO | Initializing Spring FrameworkServlet 'dispatcher'
INFO   | jvm 1    | 2018/12/11 23:08:54 |  INFO | No Spring WebApplicationInitializer types detected on classpath
INFO   | jvm 1    | 2018/12/11 23:08:54 |  INFO | jolokia-agent: Using policy access restrictor classpath:/jolokia-access.xml
STATUS | wrapper  | 2018/12/14 04:07:55 | TERM trapped.  Shutting down.
INFO   | jvm 1    | 2018/12/14 04:07:55 | Wrapper Manager: Unable to unregister shutdown hook: java.lang.IllegalStateException: Shutdown in progress
INFO   | jvm 1    | 2018/12/14 04:07:55 |  INFO | Apache ActiveMQ 5.15.8 (localhost, ID:shaqianiandeMBP-58120-1544566131238-0:1) is shutting down
INFO   | jvm 1    | 2018/12/14 04:07:55 |  INFO | Connector openwire stopped
INFO   | jvm 1    | 2018/12/14 04:07:55 |  INFO | Connector amqp stopped
INFO   | jvm 1    | 2018/12/14 04:07:55 |  INFO | Connector stomp stopped
INFO   | jvm 1    | 2018/12/14 04:07:55 |  INFO | socketQueue interrupted - stopping
INFO   | jvm 1    | 2018/12/14 04:07:55 |  INFO | Connector mqtt stopped
INFO   | jvm 1    | 2018/12/14 04:07:55 |  INFO | Could not accept connection during shutdown  : {}
INFO   | jvm 1    | 2018/12/14 04:07:55 | java.lang.InterruptedException
INFO   | jvm 1    | 2018/12/14 04:07:55 | 	at java.util.concurrent.locks.AbstractQueuedSynchronizer$ConditionObject.reportInterruptAfterWait(AbstractQueuedSynchronizer.java:2014)[:1.8.0_161]
INFO   | jvm 1    | 2018/12/14 04:07:55 | 	at java.util.concurrent.locks.AbstractQueuedSynchronizer$ConditionObject.awaitNanos(AbstractQueuedSynchronizer.java:2088)[:1.8.0_161]
INFO   | jvm 1    | 2018/12/14 04:07:55 | 	at java.util.concurrent.LinkedBlockingQueue.poll(LinkedBlockingQueue.java:467)[:1.8.0_161]
INFO   | jvm 1    | 2018/12/14 04:07:55 | 	at org.apache.activemq.transport.tcp.TcpTransportServer$1.run(TcpTransportServer.java:494)[activemq-client-5.15.8.jar:5.15.8]
INFO   | jvm 1    | 2018/12/14 04:07:55 | 	at java.lang.Thread.run(Thread.java:748)[:1.8.0_161]
INFO   | jvm 1    | 2018/12/14 04:07:55 |  INFO | Connector ws stopped
INFO   | jvm 1    | 2018/12/14 04:07:55 |  INFO | PListStore:[/Users/shaqianqian/Desktop/05-gui/apache-activemq-5.15.8/bin/macosx/../../data/localhost/tmp_storage] stopped
INFO   | jvm 1    | 2018/12/14 04:07:55 |  INFO | Stopping async queue tasks
INFO   | jvm 1    | 2018/12/14 04:07:55 |  INFO | Stopping async topic tasks
INFO   | jvm 1    | 2018/12/14 04:07:55 |  INFO | Stopped KahaDB
INFO   | jvm 1    | 2018/12/14 04:07:55 |  INFO | Apache ActiveMQ 5.15.8 (localhost, ID:shaqianiandeMBP-58120-1544566131238-0:1) uptime 2 days 4 hours
INFO   | jvm 1    | 2018/12/14 04:07:55 |  INFO | Apache ActiveMQ 5.15.8 (localhost, ID:shaqianiandeMBP-58120-1544566131238-0:1) is shutdown
INFO   | jvm 1    | 2018/12/14 04:07:55 |  INFO | Closing org.apache.activemq.xbean.XBeanBrokerFactory$1@69a4cd54: startup date [Tue Dec 11 23:08:49 CET 2018]; root of context hierarchy
INFO   | jvm 1    | 2018/12/14 04:07:55 |  INFO | Destroying Spring FrameworkServlet 'dispatcher'
STATUS | wrapper  | 2018/12/14 04:07:56 | <-- Wrapper Stopped
STATUS | wrapper  | 2018/12/14 04:13:18 | --> Wrapper Started as Daemon
STATUS | wrapper  | 2018/12/14 04:13:18 | Launching a JVM...
INFO   | jvm 1    | 2018/12/14 04:13:19 | Wrapper (Version 3.2.3) http://wrapper.tanukisoftware.org
INFO   | jvm 1    | 2018/12/14 04:13:19 |   Copyright 1999-2006 Tanuki Software, Inc.  All Rights Reserved.
INFO   | jvm 1    | 2018/12/14 04:13:19 | 
INFO   | jvm 1    | 2018/12/14 04:13:19 | 
INFO   | jvm 1    | 2018/12/14 04:13:19 | WARNING - Unable to load the Wrapper's native library because none of the
INFO   | jvm 1    | 2018/12/14 04:13:19 |           following files:
INFO   | jvm 1    | 2018/12/14 04:13:19 |             libwrapper-macosx-x86-64.dylib
INFO   | jvm 1    | 2018/12/14 04:13:19 |             libwrapper-macosx-universal-64.dylib
INFO   | jvm 1    | 2018/12/14 04:13:19 |             libwrapper.dylib
INFO   | jvm 1    | 2018/12/14 04:13:19 |           could be located on the following java.library.path:
INFO   | jvm 1    | 2018/12/14 04:13:19 |             /Users/shaqianqian/Desktop/05-gui/apache-activemq-5.15.8/bin/macosx/../../bin/macosx
INFO   | jvm 1    | 2018/12/14 04:13:19 |           Please see the documentation for the wrapper.java.library.path
INFO   | jvm 1    | 2018/12/14 04:13:19 |           configuration property.
INFO   | jvm 1    | 2018/12/14 04:13:19 |           System signals will not be handled correctly.
INFO   | jvm 1    | 2018/12/14 04:13:19 | 
INFO   | jvm 1    | 2018/12/14 04:13:19 | Java Runtime: Oracle Corporation 1.8.0_161 /Library/Java/JavaVirtualMachines/jdk1.8.0_161.jdk/Contents/Home/jre
INFO   | jvm 1    | 2018/12/14 04:13:19 |   Heap sizes: current=125952k  free=115966k  max=932352k
INFO   | jvm 1    | 2018/12/14 04:13:19 |     JVM args: -Dactivemq.home=../.. -Dactivemq.base=../.. -Djavax.net.ssl.keyStorePassword=password -Djavax.net.ssl.trustStorePassword=password -Djavax.net.ssl.keyStore=../../conf/broker.ks -Djavax.net.ssl.trustStore=../../conf/broker.ts -Dcom.sun.management.jmxremote -Dorg.apache.activemq.UseDedicatedTaskRunner=true -Djava.util.logging.config.file=logging.properties -Dactivemq.conf=../../conf -Dactivemq.data=../../data -Djava.security.auth.login.config=../../conf/login.config -Xmx1024m -Djava.library.path=../../bin/macosx/ -Dwrapper.key=_zkx6OvwP0YVSXo6 -Dwrapper.port=32000 -Dwrapper.jvm.port.min=31000 -Dwrapper.jvm.port.max=31999 -Dwrapper.pid=884 -Dwrapper.version=3.2.3 -Dwrapper.native_library=wrapper -Dwrapper.service=TRUE -Dwrapper.cpu.timeout=10 -Dwrapper.jvmid=1
INFO   | jvm 1    | 2018/12/14 04:13:19 | Extensions classpath:
INFO   | jvm 1    | 2018/12/14 04:13:19 |   [../../lib,../../lib/camel,../../lib/optional,../../lib/web,../../lib/extra]
INFO   | jvm 1    | 2018/12/14 04:13:19 | ACTIVEMQ_HOME: ../..
INFO   | jvm 1    | 2018/12/14 04:13:19 | ACTIVEMQ_BASE: ../..
INFO   | jvm 1    | 2018/12/14 04:13:19 | ACTIVEMQ_CONF: ../../conf
INFO   | jvm 1    | 2018/12/14 04:13:19 | ACTIVEMQ_DATA: ../../data
INFO   | jvm 1    | 2018/12/14 04:13:19 | Loading message broker from: xbean:activemq.xml
INFO   | jvm 1    | 2018/12/14 04:13:19 |  INFO | Refreshing org.apache.activemq.xbean.XBeanBrokerFactory$1@69a4cd54: startup date [Fri Dec 14 04:13:19 CET 2018]; root of context hierarchy
INFO   | jvm 1    | 2018/12/14 04:13:22 |  INFO | Using Persistence Adapter: KahaDBPersistenceAdapter[/Users/shaqianqian/Desktop/05-gui/apache-activemq-5.15.8/bin/macosx/../../data/kahadb]
INFO   | jvm 1    | 2018/12/14 04:13:23 |  INFO | Page File: ../../data/kahadb/db.data. Recovering pageFile free list due to prior unclean shutdown..
INFO   | jvm 1    | 2018/12/14 04:13:23 |  INFO | KahaDB is version 6
INFO   | jvm 1    | 2018/12/14 04:13:23 |  INFO | Page File: ../../data/kahadb/db.data. Recovered pageFile free list of size: 7
INFO   | jvm 1    | 2018/12/14 04:13:23 |  INFO | PListStore:[/Users/shaqianqian/Desktop/05-gui/apache-activemq-5.15.8/bin/macosx/../../data/localhost/tmp_storage] started
INFO   | jvm 1    | 2018/12/14 04:13:23 |  INFO | Apache ActiveMQ 5.15.8 (localhost, ID:shaqianqiandeMacBook-Pro.local-49816-1544757203478-0:1) is starting
INFO   | jvm 1    | 2018/12/14 04:13:23 |  INFO | Listening for connections at: tcp://shaqianqiandeMacBook-Pro.local:61616?maximumConnections=1000&wireFormat.maxFrameSize=104857600
INFO   | jvm 1    | 2018/12/14 04:13:23 |  INFO | Connector openwire started
INFO   | jvm 1    | 2018/12/14 04:13:23 |  INFO | Listening for connections at: amqp://shaqianqiandeMacBook-Pro.local:5672?maximumConnections=1000&wireFormat.maxFrameSize=104857600
INFO   | jvm 1    | 2018/12/14 04:13:23 |  INFO | Connector amqp started
INFO   | jvm 1    | 2018/12/14 04:13:23 |  INFO | Listening for connections at: stomp://shaqianqiandeMacBook-Pro.local:61613?maximumConnections=1000&wireFormat.maxFrameSize=104857600
INFO   | jvm 1    | 2018/12/14 04:13:23 |  INFO | Connector stomp started
INFO   | jvm 1    | 2018/12/14 04:13:23 |  INFO | Listening for connections at: mqtt://shaqianqiandeMacBook-Pro.local:1883?maximumConnections=1000&wireFormat.maxFrameSize=104857600
INFO   | jvm 1    | 2018/12/14 04:13:23 |  INFO | Connector mqtt started
INFO   | jvm 1    | 2018/12/14 04:13:23 |  INFO | Starting Jetty server
INFO   | jvm 1    | 2018/12/14 04:13:27 |  INFO | Creating Jetty connector
INFO   | jvm 1    | 2018/12/14 04:13:27 |  WARN | ServletContext@o.e.j.s.ServletContextHandler@758cc790{/,null,STARTING} has uncovered http methods for path: /
INFO   | jvm 1    | 2018/12/14 04:13:28 |  INFO | Listening for connections at ws://shaqianqiandeMacBook-Pro.local:61614?maximumConnections=1000&wireFormat.maxFrameSize=104857600
INFO   | jvm 1    | 2018/12/14 04:13:28 |  INFO | Connector ws started
INFO   | jvm 1    | 2018/12/14 04:13:28 |  INFO | Apache ActiveMQ 5.15.8 (localhost, ID:shaqianqiandeMacBook-Pro.local-49816-1544757203478-0:1) started
INFO   | jvm 1    | 2018/12/14 04:13:28 |  INFO | For help or more information please see: http://activemq.apache.org
INFO   | jvm 1    | 2018/12/14 04:13:28 |  WARN | Store limit is 102400 mb (current store usage is 12 mb). The data directory: /Users/shaqianqian/Desktop/05-gui/apache-activemq-5.15.8/bin/macosx/../../data/kahadb only has 44388 mb of usable space. - resetting to maximum available disk space: 44388 mb
INFO   | jvm 1    | 2018/12/14 04:13:28 |  WARN | Temporary Store limit is 51200 mb (current store usage is 0 mb). The data directory: /Users/shaqianqian/Desktop/05-gui/apache-activemq-5.15.8/bin/macosx/../../data only has 44375 mb of usable space. - resetting to maximum available disk space: 44375 mb
INFO   | jvm 1    | 2018/12/14 04:13:30 |  INFO | No Spring WebApplicationInitializer types detected on classpath
INFO   | jvm 1    | 2018/12/14 04:13:31 |  INFO | ActiveMQ WebConsole available at http://0.0.0.0:8161/
INFO   | jvm 1    | 2018/12/14 04:13:31 |  INFO | ActiveMQ Jolokia REST API available at http://0.0.0.0:8161/api/jolokia/
INFO   | jvm 1    | 2018/12/14 04:13:31 |  INFO | Initializing Spring FrameworkServlet 'dispatcher'
INFO   | jvm 1    | 2018/12/14 04:13:32 |  INFO | No Spring WebApplicationInitializer types detected on classpath
INFO   | jvm 1    | 2018/12/14 04:13:32 |  INFO | jolokia-agent: Using policy access restrictor classpath:/jolokia-access.xml
